2025-03-08 22:40:14.449 [info] [Info  - 10:40:14 PM] (2944) Server root directory: file:///teamspace/studios/this_studio/.vscode-server/extensions/ms-python.vscode-pylance-2025.3.1/dist
2025-03-08 22:40:14.450 [info] [Info  - 10:40:14 PM] (2944) Pylance language server 2025.3.1 (pyright version 1.1.396, commit 3e2236a7) starting
2025-03-08 22:40:14.450 [info] [Info  - 10:40:14 PM] (2944) Starting service instance "this_studio"
2025-03-08 22:40:14.487 [info] [Info  - 10:40:14 PM] (2944) Setting environmentName for service "this_studio": "3.10.10 (cloudspace conda)"
2025-03-08 22:40:14.487 [info] [Info  - 10:40:14 PM] (2944) Setting pythonPath for service "this_studio": "/home/zeus/miniconda3/envs/cloudspace/bin/python"
2025-03-08 22:40:14.488 [info] [Info  - 10:40:14 PM] (2944) No include entries specified; assuming /teamspace/studios/this_studio
2025-03-08 22:40:14.488 [info] [Info  - 10:40:14 PM] (2944) Auto-excluding **/node_modules
2025-03-08 22:40:14.489 [info] [Info  - 10:40:14 PM] (2944) Auto-excluding **/__pycache__
2025-03-08 22:40:14.489 [info] [Info  - 10:40:14 PM] (2944) Auto-excluding **/.*
2025-03-08 22:40:14.513 [info] [Info  - 10:40:14 PM] (2944) Assuming Python version 3.10.10.final.0
2025-03-08 22:40:14.782 [info] [Info  - 10:40:14 PM] (2944) Found 18 source files
2025-03-08 22:40:15.324 [info] [Info  - 10:40:15 PM] (2944) Background analysis(1) root directory: file:///teamspace/studios/this_studio/.vscode-server/extensions/ms-python.vscode-pylance-2025.3.1/dist
2025-03-08 22:40:15.324 [info] [Info  - 10:40:15 PM] (2944) Background analysis(1) started
2025-03-08 22:40:15.406 [info] [Info  - 10:40:15 PM] (2944) Indexer background runner(2) root directory: file:///teamspace/studios/this_studio/.vscode-server/extensions/ms-python.vscode-pylance-2025.3.1/dist (index)
2025-03-08 22:40:15.406 [info] [Info  - 10:40:15 PM] (2944) Indexing(2) started
2025-03-08 22:40:17.270 [info] [Info  - 10:40:17 PM] (2944) scanned(2) 382 files over 1 exec env
2025-03-08 22:40:19.188 [info] [Info  - 10:40:19 PM] (2944) [BG(1)] Long operation: checking: file:///teamspace/studios/this_studio/scripts/personality_ui.py (3470ms)
2025-03-08 22:40:19.188 [info] [Info  - 10:40:19 PM] (2944) [BG(1)] Long operation: analyzing: file:///teamspace/studios/this_studio/scripts/personality_ui.py (3947ms)
2025-03-08 22:40:21.440 [info] [Info  - 10:40:21 PM] (2944) [IDX(2)] Long operation: index packages file:///teamspace/studios/this_studio (3908ms)
2025-03-08 22:40:21.440 [info] [Info  - 10:40:21 PM] (2944) indexed(2) 382 files over 1 exec env
2025-03-08 22:40:21.610 [info] [Info  - 10:40:21 PM] (2944) Indexing finished(2).
2025-03-08 22:40:24.782 [info] (Client) The existing extension didn't exit within 10 seconds. New instance will start, but you might encounter issues.
2025-03-08 22:40:24.782 [info] (Client) Pylance async client (2025.3.1) started with python extension (2025.2.0)
2025-03-08 22:41:08.332 [info] [Info  - 10:41:08 PM] (2944) Found 18 source files
2025-03-08 22:41:08.853 [info] [Info  - 10:41:08 PM] (2944) Found 18 source files
2025-03-08 22:41:09.197 [info] [Info  - 10:41:09 PM] (2944) Found 18 source files
2025-03-08 22:41:10.579 [info] [Info  - 10:41:10 PM] (2944) Found 18 source files
2025-03-08 22:41:11.608 [info] [Info  - 10:41:11 PM] (2944) Found 18 source files
2025-03-08 22:41:13.104 [info] [Info  - 10:41:13 PM] (2944) Found 18 source files
2025-03-08 22:41:13.608 [info] [Info  - 10:41:13 PM] (2944) Found 18 source files
2025-03-08 22:41:22.807 [info] [Info  - 10:41:22 PM] (2944) Found 18 source files
2025-03-08 22:41:24.175 [info] [Info  - 10:41:24 PM] (2944) Found 18 source files
2025-03-08 22:41:29.539 [info] [Info  - 10:41:29 PM] (2944) Found 18 source files
2025-03-08 22:41:33.465 [info] [Info  - 10:41:33 PM] (2944) Found 18 source files
2025-03-08 22:59:55.169 [info] [Info  - 10:59:55 PM] (2944) [BG(1)] Long operation: SemanticTokens full at file:///teamspace/studios/this_studio/scripts/main_demo_ipip_mod.py (2166ms)
