2025-03-08 22:40:12.906 [info] Experiment 'pythonRecommendTensorboardExt' is active
2025-03-08 22:40:12.906 [info] Experiment 'pythonTerminalEnvVarActivation' is active
2025-03-08 22:40:12.906 [info] Experiment 'pythonTestAdapter' is active
2025-03-08 22:40:12.906 [warning] Dir "/teamspace/studios/this_studio/.pixi/envs" is not watchable (directory does not exist)
2025-03-08 22:40:12.906 [info] Starting Environment refresh
2025-03-08 22:40:12.906 [info] > hatch env show --json
2025-03-08 22:40:12.906 [info] cwd: .
2025-03-08 22:40:12.906 [info] Python interpreter path: /home/zeus/miniconda3/envs/cloudspace/bin/python
2025-03-08 22:40:12.906 [info] > conda info --json
2025-03-08 22:40:13.552 [info] > /home/zeus/miniconda3/envs/cloudspace/bin/python -I ./.vscode-server/extensions/ms-python.python-2025.2.0-linux-x64/python_files/get_output_via_markers.py ./.vscode-server/extensions/ms-python.python-2025.2.0-linux-x64/python_files/interpreterInfo.py
2025-03-08 22:40:13.552 [info] Environments refresh paths discovered: 1320 milliseconds
2025-03-08 22:40:13.576 [info] Environments refresh finished (event): 1344 milliseconds
2025-03-08 22:40:13.580 [info] Environment refresh took 1349 milliseconds
2025-03-08 22:40:13.584 [info] > pyenv which python
2025-03-08 22:40:13.584 [info] cwd: .
2025-03-08 22:40:14.724 [warning] Shell integration may not be active, environment activated may be overridden by the shell.
2025-03-08 22:40:24.783 [info] Starting Pylance language server.
2025-03-08 22:40:27.659 [info] Send text to terminal: /home/zeus/miniconda3/envs/cloudspace/bin/python /teamspace/studios/this_studio/scripts/personality_ui.py
2025-03-08 22:40:28.848 [info] CreateEnv Trigger - Skipping for /teamspace/studios/this_studio/scripts/personality_ui.py
2025-03-08 22:59:21.314 [info] Discover tests for workspace name: this_studio - uri: /teamspace/studios/this_studio/scripts/personality_ui.py
2025-03-08 22:59:42.726 [info] Discover tests for workspace name: this_studio - uri: /teamspace/studios/this_studio/scripts/personality_ui.py
2025-03-08 23:00:02.032 [info] Discover tests for workspace name: this_studio - uri: /teamspace/studios/this_studio/scripts/main_demo_ipip_mod.py
2025-03-08 23:00:16.143 [info] Discover tests for workspace name: this_studio - uri: /teamspace/studios/this_studio/scripts/main_demo_ipip_mod.py
2025-03-08 23:16:34.917 [info] Send text to terminal: /home/zeus/miniconda3/envs/cloudspace/bin/python /teamspace/studios/this_studio/scripts/main_demo_ipip_mod.py
2025-03-08 23:16:51.748 [info] Send text to terminal: /home/zeus/miniconda3/envs/cloudspace/bin/python /teamspace/studios/this_studio/scripts/personality_ui.py
