2025-03-08 22:26:42.086 [info] Extension host with pid 3218 started
2025-03-08 22:26:42.086 [error] Error: EEXIST: file already exists, open '/teamspace/studios/this_studio/.vscode-server/data/User/workspaceStorage/6d3ef3009fa32cd8673c0fc85d36b6c1/vscode.lock'
2025-03-08 22:26:42.089 [info] Lock '/teamspace/studios/this_studio/.vscode-server/data/User/workspaceStorage/6d3ef3009fa32cd8673c0fc85d36b6c1/vscode.lock': Could not acquire lock, checking if the file is stale.
2025-03-08 22:26:42.094 [info] Lock '/teamspace/studios/this_studio/.vscode-server/data/User/workspaceStorage/6d3ef3009fa32cd8673c0fc85d36b6c1/vscode.lock': The pid 7028 appears to be gone.
2025-03-08 22:26:42.094 [info] Lock '/teamspace/studios/this_studio/.vscode-server/data/User/workspaceStorage/6d3ef3009fa32cd8673c0fc85d36b6c1/vscode.lock': Deleting a stale lock.
2025-03-08 22:26:42.130 [info] Lock '/teamspace/studios/this_studio/.vscode-server/data/User/workspaceStorage/6d3ef3009fa32cd8673c0fc85d36b6c1/vscode.lock': Lock acquired.
2025-03-08 22:26:42.265 [info] ExtensionService#_doActivateExtension vscode.emmet, startup: false, activationEvent: 'onLanguage'
2025-03-08 22:26:42.267 [info] ExtensionService#_doActivateExtension vscode.git-base, startup: false, activationEvent: '*', root cause: vscode.git
2025-03-08 22:26:42.267 [info] ExtensionService#_doActivateExtension vscode.tunnel-forwarding, startup: false, activationEvent: 'onTunnel'
2025-03-08 22:26:42.267 [info] ExtensionService#_doActivateExtension ms-python.python, startup: false, activationEvent: 'onLanguage:python', root cause: ms-python.debugpy
2025-03-08 22:26:42.268 [info] ExtensionService#_doActivateExtension ms-toolsai.jupyter, startup: false, activationEvent: 'onLanguage:python'
2025-03-08 22:26:44.133 [info] ExtensionService#_doActivateExtension ms-toolsai.jupyter-renderers, startup: false, activationEvent: 'api', root cause: ms-toolsai.jupyter
2025-03-08 22:26:44.168 [info] ExtensionService#_doActivateExtension vscode.git, startup: false, activationEvent: '*'
2025-03-08 22:26:44.168 [info] ExtensionService#_doActivateExtension vscode.github, startup: false, activationEvent: '*'
2025-03-08 22:26:44.776 [info] ExtensionService#_doActivateExtension ms-python.debugpy, startup: false, activationEvent: 'onLanguage:python'
2025-03-08 22:26:44.776 [info] ExtensionService#_doActivateExtension ms-python.vscode-pylance, startup: false, activationEvent: 'onLanguage:python'
2025-03-08 22:26:45.202 [info] Eager extensions activated
2025-03-08 22:26:45.202 [info] ExtensionService#_doActivateExtension vscode.debug-auto-launch, startup: false, activationEvent: 'onStartupFinished'
2025-03-08 22:26:45.202 [info] ExtensionService#_doActivateExtension vscode.merge-conflict, startup: false, activationEvent: 'onStartupFinished'
2025-03-08 22:28:55.169 [warning] [Decorations] CAPPING events from decorations provider vscode.git 10476
2025-03-08 22:28:58.089 [warning] [Decorations] CAPPING events from decorations provider vscode.git 29720
