2025-02-15 18:17:04.461 [info] (Client) Pylance async client (2025.2.1) started with python extension (2025.0.0)
2025-02-15 18:17:04.950 [info] [Info  - 6:17:04 PM] (2863) Server root directory: file:///teamspace/studios/this_studio/.vscode-server/extensions/ms-python.vscode-pylance-2025.2.1/dist
2025-02-15 18:17:04.951 [info] [Info  - 6:17:04 PM] (2863) Pylance language server 2025.2.1 (pyright version 1.1.393, commit 3763156f) starting
2025-02-15 18:17:04.951 [info] [Info  - 6:17:04 PM] (2863) Starting service instance "this_studio"
2025-02-15 18:17:05.015 [info] [Info  - 6:17:05 PM] (2863) Setting environmentName for service "this_studio": "3.10.10 (cloudspace conda)"
2025-02-15 18:17:05.016 [info] [Info  - 6:17:05 PM] (2863) Setting pythonPath for service "this_studio": "/home/zeus/miniconda3/envs/cloudspace/bin/python"
2025-02-15 18:17:05.016 [info] [Info  - 6:17:05 PM] (2863) No include entries specified; assuming /teamspace/studios/this_studio
2025-02-15 18:17:05.016 [info] [Info  - 6:17:05 PM] (2863) Auto-excluding **/node_modules
2025-02-15 18:17:05.016 [info] [Info  - 6:17:05 PM] (2863) Auto-excluding **/__pycache__
2025-02-15 18:17:05.016 [info] [Info  - 6:17:05 PM] (2863) Auto-excluding **/.*
2025-02-15 18:17:05.035 [info] [Info  - 6:17:05 PM] (2863) Assuming Python version 3.10.10.final.0
2025-02-15 18:17:05.223 [info] [Info  - 6:17:05 PM] (2863) Found 1 source file
2025-02-15 18:17:05.600 [info] [Info  - 6:17:05 PM] (2863) Background analysis(1) root directory: file:///teamspace/studios/this_studio/.vscode-server/extensions/ms-python.vscode-pylance-2025.2.1/dist
2025-02-15 18:17:05.600 [info] [Info  - 6:17:05 PM] (2863) Background analysis(1) started
2025-02-15 18:17:05.699 [info] [Info  - 6:17:05 PM] (2863) Indexer background runner(2) root directory: file:///teamspace/studios/this_studio/.vscode-server/extensions/ms-python.vscode-pylance-2025.2.1/dist (index)
2025-02-15 18:17:05.699 [info] [Info  - 6:17:05 PM] (2863) Indexing(2) started
2025-02-15 18:17:06.687 [info] [Info  - 6:17:06 PM] (2863) scanned(2) 366 files over 1 exec env
2025-02-15 18:17:06.958 [info] [Info  - 6:17:06 PM] (2863) indexed(2) 366 files over 1 exec env
2025-02-15 18:17:07.071 [info] [Info  - 6:17:07 PM] (2863) Indexing finished(2).
2025-02-15 18:20:05.146 [info] [Info  - 6:20:05 PM] (2863) Indexer background runner(3) root directory: file:///teamspace/studios/this_studio/.vscode-server/extensions/ms-python.vscode-pylance-2025.2.1/dist (refresh)
2025-02-15 18:20:05.146 [info] [Info  - 6:20:05 PM] (2863) Indexing(3) started
2025-02-15 18:20:05.897 [info] [Info  - 6:20:05 PM] (2863) scanned(3) 367 files over 1 exec env
2025-02-15 18:20:06.171 [info] [Info  - 6:20:06 PM] (2863) indexed(3) 367 files over 1 exec env
2025-02-15 18:20:06.271 [info] [Info  - 6:20:06 PM] (2863) Indexing finished(3).
2025-02-15 18:23:06.632 [info] [Info  - 6:23:06 PM] (2863) Indexer background runner(4) root directory: file:///teamspace/studios/this_studio/.vscode-server/extensions/ms-python.vscode-pylance-2025.2.1/dist (refresh)
2025-02-15 18:23:06.632 [info] [Info  - 6:23:06 PM] (2863) Indexing(4) started
2025-02-15 18:23:07.345 [info] [Info  - 6:23:07 PM] (2863) scanned(4) 369 files over 1 exec env
2025-02-15 18:23:07.719 [info] [Info  - 6:23:07 PM] (2863) indexed(4) 369 files over 1 exec env
2025-02-15 18:23:07.816 [info] [Info  - 6:23:07 PM] (2863) Indexing finished(4).
2025-02-15 18:24:05.226 [info] [Info  - 6:24:05 PM] (2863) Indexer background runner(5) root directory: file:///teamspace/studios/this_studio/.vscode-server/extensions/ms-python.vscode-pylance-2025.2.1/dist (refresh)
2025-02-15 18:24:05.226 [info] [Info  - 6:24:05 PM] (2863) Indexing(5) started
2025-02-15 18:24:05.956 [info] [Info  - 6:24:05 PM] (2863) scanned(5) 369 files over 1 exec env
2025-02-15 18:24:06.227 [info] [Info  - 6:24:06 PM] (2863) indexed(5) 369 files over 1 exec env
2025-02-15 18:24:06.322 [info] [Info  - 6:24:06 PM] (2863) Indexing finished(5).
