2025-03-08 22:40:09.687 [info] Extension host with pid 2330 started
2025-03-08 22:40:09.687 [error] Error: EEXIST: file already exists, open '/teamspace/studios/this_studio/.vscode-server/data/User/workspaceStorage/6d3ef3009fa32cd8673c0fc85d36b6c1/vscode.lock'
2025-03-08 22:40:09.689 [info] Lock '/teamspace/studios/this_studio/.vscode-server/data/User/workspaceStorage/6d3ef3009fa32cd8673c0fc85d36b6c1/vscode.lock': Could not acquire lock, checking if the file is stale.
2025-03-08 22:40:09.693 [info] Lock '/teamspace/studios/this_studio/.vscode-server/data/User/workspaceStorage/6d3ef3009fa32cd8673c0fc85d36b6c1/vscode.lock': The pid 3218 appears to be gone.
2025-03-08 22:40:09.693 [info] Lock '/teamspace/studios/this_studio/.vscode-server/data/User/workspaceStorage/6d3ef3009fa32cd8673c0fc85d36b6c1/vscode.lock': Deleting a stale lock.
2025-03-08 22:40:09.721 [info] Lock '/teamspace/studios/this_studio/.vscode-server/data/User/workspaceStorage/6d3ef3009fa32cd8673c0fc85d36b6c1/vscode.lock': Lock acquired.
2025-03-08 22:40:09.865 [info] ExtensionService#_doActivateExtension vscode.git-base, startup: false, activationEvent: '*', root cause: vscode.git
2025-03-08 22:40:09.866 [info] ExtensionService#_doActivateExtension vscode.tunnel-forwarding, startup: false, activationEvent: 'onTunnel'
2025-03-08 22:40:09.867 [info] ExtensionService#_doActivateExtension vscode.emmet, startup: false, activationEvent: 'onLanguage'
2025-03-08 22:40:09.867 [info] ExtensionService#_doActivateExtension ms-python.python, startup: false, activationEvent: 'onLanguage:python', root cause: ms-python.debugpy
2025-03-08 22:40:09.867 [info] ExtensionService#_doActivateExtension ms-toolsai.jupyter, startup: false, activationEvent: 'onLanguage:python'
2025-03-08 22:40:11.638 [info] ExtensionService#_doActivateExtension ms-toolsai.jupyter-renderers, startup: false, activationEvent: 'api', root cause: ms-toolsai.jupyter
2025-03-08 22:40:11.672 [info] ExtensionService#_doActivateExtension vscode.git, startup: false, activationEvent: '*'
2025-03-08 22:40:11.672 [info] ExtensionService#_doActivateExtension vscode.github, startup: false, activationEvent: '*'
2025-03-08 22:40:12.238 [info] ExtensionService#_doActivateExtension ms-python.debugpy, startup: false, activationEvent: 'onLanguage:python'
2025-03-08 22:40:12.239 [info] ExtensionService#_doActivateExtension ms-python.vscode-pylance, startup: false, activationEvent: 'onLanguage:python'
2025-03-08 22:40:12.646 [info] Eager extensions activated
2025-03-08 22:40:12.646 [info] ExtensionService#_doActivateExtension vscode.debug-auto-launch, startup: false, activationEvent: 'onStartupFinished'
2025-03-08 22:40:12.646 [info] ExtensionService#_doActivateExtension vscode.merge-conflict, startup: false, activationEvent: 'onStartupFinished'
2025-03-08 22:40:13.106 [error] TypeError: Cannot read properties of undefined (reading 'toString')
	at /teamspace/studios/this_studio/.vscode-server/extensions/ms-python.debugpy-2025.4.0-linux-x64/dist/extension.js:2:849778
	at FSReqCallback.readFileAfterClose [as oncomplete] (node:internal/fs/read/context:52:12)
2025-03-08 22:41:14.980 [warning] [Decorations] CAPPING events from decorations provider vscode.git 18082
2025-03-08 22:41:39.494 [warning] [Decorations] CAPPING events from decorations provider vscode.git 18082
