2025-03-08 22:17:19.297 [info] Experiment 'pythonRecommendTensorboardExt' is active
2025-03-08 22:17:19.297 [info] Experiment 'pythonTerminalEnvVarActivation' is active
2025-03-08 22:17:19.297 [info] Experiment 'pythonTestAdapter' is active
2025-03-08 22:17:19.297 [warning] Dir "/teamspace/studios/this_studio/.pixi/envs" is not watchable (directory does not exist)
2025-03-08 22:17:19.368 [info] Starting Environment refresh
2025-03-08 22:17:20.005 [info] > hatch env show --json
2025-03-08 22:17:20.005 [info] cwd: .
2025-03-08 22:17:20.018 [info] > conda info --json
2025-03-08 22:17:20.855 [info] > /home/zeus/miniconda3/envs/cloudspace/bin/python -I ./.vscode-server/extensions/ms-python.python-2025.0.0-linux-x64/python_files/get_output_via_markers.py ./.vscode-server/extensions/ms-python.python-2025.0.0-linux-x64/python_files/interpreterInfo.py
2025-03-08 22:17:20.860 [info] Environments refresh paths discovered: 1493 milliseconds
2025-03-08 22:17:20.902 [info] Environments refresh finished (event): 1535 milliseconds
2025-03-08 22:17:20.905 [info] Python interpreter path: /home/zeus/miniconda3/envs/cloudspace/bin/python
2025-03-08 22:17:20.908 [info] Environment refresh took 1542 milliseconds
2025-03-08 22:17:20.913 [info] > pyenv which python
2025-03-08 22:17:20.914 [info] cwd: .
2025-03-08 22:17:22.171 [info] Starting Pylance language server.
2025-03-08 22:17:22.255 [warning] Shell integration may not be active, environment activated may be overridden by the shell.
2025-03-08 22:17:37.289 [info] Discover tests for workspace name: this_studio - uri: /teamspace/studios/this_studio/scripts/personality_ui.py
2025-03-08 22:17:38.797 [info] Send text to terminal: /home/zeus/miniconda3/envs/cloudspace/bin/python /teamspace/studios/this_studio/scripts/personality_ui.py
2025-03-08 22:17:38.801 [info] CreateEnv Trigger - Skipping for /teamspace/studios/this_studio/scripts/personality_ui.py
