2025-03-08 22:07:46.570 [info] [main] Log level: Info
2025-03-08 22:07:46.570 [info] [main] Validating found git in: "git"
2025-03-08 22:07:46.570 [info] [main] Using git "2.42.0" from "git"
2025-03-08 22:07:46.570 [info] [Model][doInitialScan] Initial repository scan started
2025-03-08 22:07:46.570 [info] > git rev-parse --show-toplevel [55ms]
2025-03-08 22:07:46.570 [info] > git rev-parse --git-dir --git-common-dir [4ms]
2025-03-08 22:07:46.570 [info] [Model][openRepository] Opened repository: /teamspace/studios/this_studio
2025-03-08 22:07:46.570 [info] > git config --get commit.template [6ms]
2025-03-08 22:07:46.570 [info] > git rev-parse --show-toplevel [6ms]
2025-03-08 22:07:46.570 [info] > git rev-parse --show-toplevel [4ms]
2025-03-08 22:07:46.570 [info] > git rev-parse --show-toplevel [5ms]
2025-03-08 22:07:46.570 [info] > git rev-parse --show-toplevel [4ms]
2025-03-08 22:07:46.570 [info] > git rev-parse --show-toplevel [4ms]
2025-03-08 22:07:46.570 [info] > git rev-parse --show-toplevel [4ms]
2025-03-08 22:07:46.570 [info] > git rev-parse --show-toplevel [4ms]
2025-03-08 22:07:46.570 [info] > git rev-parse --show-toplevel [4ms]
2025-03-08 22:07:46.574 [info] > git rev-parse --show-toplevel [4ms]
2025-03-08 22:07:46.580 [info] > git rev-parse --show-toplevel [4ms]
2025-03-08 22:07:46.593 [info] > git rev-parse --show-toplevel [11ms]
2025-03-08 22:07:46.601 [info] > git rev-parse --show-toplevel [5ms]
2025-03-08 22:07:46.629 [info] > git rev-parse --show-toplevel [24ms]
2025-03-08 22:07:46.636 [info] > git rev-parse --show-toplevel [4ms]
2025-03-08 22:07:46.643 [info] > git rev-parse --show-toplevel [4ms]
2025-03-08 22:07:46.652 [info] > git rev-parse --show-toplevel [5ms]
2025-03-08 22:07:46.689 [info] > git rev-parse --show-toplevel [31ms]
2025-03-08 22:07:46.692 [info] [Model][doInitialScan] Initial repository scan completed - repositories (1), closed repositories (0), parent repositories (0), unsafe repositories (0)
2025-03-08 22:07:46.735 [info] > git for-each-ref --format=%(refname)%00%(upstream:short)%00%(objectname)%00%(upstream:track)%00%(upstream:remotename)%00%(upstream:remoteref) refs/heads/dev refs/remotes/dev [229ms]
2025-03-08 22:07:47.081 [info] > git for-each-ref --sort -committerdate --format %(refname) %(objectname) %(*objectname) [339ms]
2025-03-08 22:07:47.138 [info] > git check-ignore -v -z --stdin [23ms]
2025-03-08 22:08:46.090 [info] > git check-ignore -v -z --stdin [18ms]
2025-03-08 22:09:42.366 [info] > git status -z -uall [115627ms] (cancelled)
2025-03-08 22:09:42.366 [info] > git for-each-ref --format=%(refname)%00%(upstream:short)%00%(objectname)%00%(upstream:track)%00%(upstream:remotename)%00%(upstream:remoteref) refs/heads/dev refs/remotes/dev [1882ms]
2025-03-08 22:09:42.388 [info] > git config --get --local branch.dev.vscode-merge-base [14ms]
2025-03-08 22:09:42.405 [info] > git config --get commit.template [51ms]
2025-03-08 22:09:42.412 [info] > git for-each-ref --format=%(refname)%00%(upstream:short)%00%(objectname)%00%(upstream:track)%00%(upstream:remotename)%00%(upstream:remoteref) refs/heads/origin/main refs/remotes/origin/main [8ms]
2025-03-08 22:09:42.418 [info] > git for-each-ref --format=%(refname)%00%(upstream:short)%00%(objectname)%00%(upstream:track)%00%(upstream:remotename)%00%(upstream:remoteref) refs/heads/dev refs/remotes/dev [7ms]
2025-03-08 22:09:42.427 [info] > git merge-base refs/heads/dev refs/remotes/origin/dev [10ms]
2025-03-08 22:09:42.438 [info] > git for-each-ref --sort -committerdate --format %(refname) %(objectname) %(*objectname) [12ms]
2025-03-08 22:09:42.444 [info] > git diff --name-status -z --diff-filter=ADMR 5fde7328b804804c6d807a9be9608c805459e568...refs/remotes/origin/dev [7ms]
2025-03-08 22:09:46.825 [info] > git status -z -uall [4402ms] (cancelled)
2025-03-08 22:12:42.053 [info] > git check-ignore -v -z --stdin [15ms]
2025-03-08 22:12:45.628 [info] > git check-ignore -v -z --stdin [44ms]
2025-03-08 22:12:47.239 [info] > git check-ignore -v -z --stdin [53ms]
2025-03-08 22:14:01.234 [info] > git check-ignore -v -z --stdin [11ms]
2025-03-08 22:17:19.172 [info] > git show --textconv :scripts/personality_ui.py [12ms]
2025-03-08 22:17:19.179 [info] > git ls-files --stage -- scripts/personality_ui.py [16ms]
2025-03-08 22:17:19.186 [info] > git hash-object -t tree /dev/null [10ms]
2025-03-08 22:17:19.186 [warning] [GitFileSystemProvider][readFile] File not found - git:/teamspace/studios/this_studio/scripts/personality_ui.py.git?%7B%22path%22%3A%22%2Fteamspace%2Fstudios%2Fthis_studio%2Fscripts%2Fpersonality_ui.py%22%2C%22ref%22%3A%22%22%7D
2025-03-08 22:17:19.196 [info] > git hash-object -t tree /dev/null [15ms]
2025-03-08 22:17:19.196 [warning] [GitFileSystemProvider][stat] File not found - git:/teamspace/studios/this_studio/scripts/personality_ui.py.git?%7B%22path%22%3A%22%2Fteamspace%2Fstudios%2Fthis_studio%2Fscripts%2Fpersonality_ui.py%22%2C%22ref%22%3A%22%22%7D
2025-03-08 22:17:28.289 [info] > git blame --root --incremental 2ddcce5e34028ee98d91493007086f082b9623ae -- scripts/personality_ui.py [15ms]
2025-03-08 22:17:28.298 [info] fatal: no such path scripts/personality_ui.py in 2ddcce5e34028ee98d91493007086f082b9623ae
2025-03-08 22:22:40.388 [info] > git check-ignore -v -z --stdin [10ms]
2025-03-08 22:22:52.681 [info] > git check-ignore -v -z --stdin [19ms]
2025-03-08 22:25:45.309 [info] > git ls-files --stage -- scripts/main_demo.py [7ms]
2025-03-08 22:25:45.316 [info] > git show --textconv :scripts/main_demo.py [19ms]
2025-03-08 22:25:45.324 [info] > git cat-file -s 897d13dc43047b9c09452414fcae5fef4eb06331 [7ms]
2025-03-08 22:25:45.877 [info] > git show --textconv :scripts/main_demo_ipip_mod.py [10ms]
2025-03-08 22:25:45.880 [info] > git ls-files --stage -- scripts/main_demo_ipip_mod.py [7ms]
2025-03-08 22:25:45.889 [info] > git cat-file -s ed6fc3c576b6ec92c2fd96c45d143ee92b5c1fa8 [4ms]
2025-03-08 22:26:00.741 [info] > git blame --root --incremental 2ddcce5e34028ee98d91493007086f082b9623ae -- scripts/main_demo_ipip_mod.py [9ms]
