2025-03-09 15:19:07.213 [info] Extension host with pid 2356 started
2025-03-09 15:19:07.213 [error] Error: EEXIST: file already exists, open '/teamspace/studios/this_studio/.vscode-server/data/User/workspaceStorage/6d3ef3009fa32cd8673c0fc85d36b6c1/vscode.lock'
2025-03-09 15:19:07.215 [info] Lock '/teamspace/studios/this_studio/.vscode-server/data/User/workspaceStorage/6d3ef3009fa32cd8673c0fc85d36b6c1/vscode.lock': Could not acquire lock, checking if the file is stale.
2025-03-09 15:19:07.219 [info] Lock '/teamspace/studios/this_studio/.vscode-server/data/User/workspaceStorage/6d3ef3009fa32cd8673c0fc85d36b6c1/vscode.lock': The pid 2330 appears to be gone.
2025-03-09 15:19:07.219 [info] Lock '/teamspace/studios/this_studio/.vscode-server/data/User/workspaceStorage/6d3ef3009fa32cd8673c0fc85d36b6c1/vscode.lock': Deleting a stale lock.
2025-03-09 15:19:07.251 [info] Lock '/teamspace/studios/this_studio/.vscode-server/data/User/workspaceStorage/6d3ef3009fa32cd8673c0fc85d36b6c1/vscode.lock': Lock acquired.
2025-03-09 15:19:07.401 [info] ExtensionService#_doActivateExtension vscode.git-base, startup: false, activationEvent: '*', root cause: vscode.git
2025-03-09 15:19:07.401 [info] ExtensionService#_doActivateExtension vscode.tunnel-forwarding, startup: false, activationEvent: 'onTunnel'
2025-03-09 15:19:07.402 [info] ExtensionService#_doActivateExtension vscode.emmet, startup: false, activationEvent: 'onLanguage'
2025-03-09 15:19:07.402 [info] ExtensionService#_doActivateExtension ms-python.python, startup: false, activationEvent: 'onLanguage:python', root cause: ms-python.debugpy
2025-03-09 15:19:07.402 [info] ExtensionService#_doActivateExtension ms-toolsai.jupyter, startup: false, activationEvent: 'onLanguage:python'
2025-03-09 15:19:10.027 [info] ExtensionService#_doActivateExtension ms-toolsai.jupyter-renderers, startup: false, activationEvent: 'api', root cause: ms-toolsai.jupyter
2025-03-09 15:19:10.119 [info] ExtensionService#_doActivateExtension vscode.git, startup: false, activationEvent: '*'
2025-03-09 15:19:10.119 [info] ExtensionService#_doActivateExtension vscode.github, startup: false, activationEvent: '*'
2025-03-09 15:19:10.752 [info] ExtensionService#_doActivateExtension ms-python.debugpy, startup: false, activationEvent: 'onLanguage:python'
2025-03-09 15:19:10.752 [info] ExtensionService#_doActivateExtension ms-python.vscode-pylance, startup: false, activationEvent: 'onLanguage:python'
2025-03-09 15:19:11.378 [info] Eager extensions activated
2025-03-09 15:19:11.378 [info] ExtensionService#_doActivateExtension vscode.debug-auto-launch, startup: false, activationEvent: 'onStartupFinished'
2025-03-09 15:19:11.379 [info] ExtensionService#_doActivateExtension vscode.merge-conflict, startup: false, activationEvent: 'onStartupFinished'
2025-03-09 15:19:17.369 [info] ExtensionService#_doActivateExtension vscode.ipynb, startup: false, activationEvent: 'onNotebookSerializer:jupyter-notebook'
2025-03-09 15:19:18.740 [info] ExtensionService#_doActivateExtension ms-toolsai.vscode-jupyter-cell-tags, startup: false, activationEvent: 'onNotebook:jupyter-notebook'
2025-03-09 15:19:18.741 [info] ExtensionService#_doActivateExtension ms-toolsai.vscode-jupyter-slideshow, startup: false, activationEvent: 'onNotebook:jupyter-notebook'
2025-03-09 15:20:17.598 [warning] [Decorations] CAPPING events from decorations provider vscode.git 18082
2025-03-09 15:20:36.427 [warning] [Decorations] CAPPING events from decorations provider vscode.git 18082
