2025-03-09 15:19:11.784 [info] [main] Log level: Info
2025-03-09 15:19:11.784 [info] [main] Validating found git in: "git"
2025-03-09 15:19:11.784 [info] [main] Using git "2.42.0" from "git"
2025-03-09 15:19:11.784 [info] [Model][doInitialScan] Initial repository scan started
2025-03-09 15:19:11.784 [info] > git rev-parse --show-toplevel [19ms]
2025-03-09 15:19:11.784 [info] > git rev-parse --git-dir --git-common-dir [19ms]
2025-03-09 15:19:11.784 [info] [Model][openRepository] Opened repository: /teamspace/studios/this_studio
2025-03-09 15:19:11.811 [info] > git config --get commit.template [30ms]
2025-03-09 15:19:11.812 [info] > git rev-parse --show-toplevel [22ms]
2025-03-09 15:19:11.916 [info] > git rev-parse --show-toplevel [3ms]
2025-03-09 15:19:11.924 [info] > git rev-parse --show-toplevel [3ms]
2025-03-09 15:19:11.939 [info] > git rev-parse --show-toplevel [11ms]
2025-03-09 15:19:11.948 [info] > git rev-parse --show-toplevel [6ms]
2025-03-09 15:19:11.955 [info] > git rev-parse --show-toplevel [4ms]
2025-03-09 15:19:11.998 [info] > git rev-parse --show-toplevel [39ms]
2025-03-09 15:19:12.034 [info] > git rev-parse --show-toplevel [30ms]
2025-03-09 15:19:12.062 [info] > git rev-parse --show-toplevel [16ms]
2025-03-09 15:19:12.077 [info] > git for-each-ref --format=%(refname)%00%(upstream:short)%00%(objectname)%00%(upstream:track)%00%(upstream:remotename)%00%(upstream:remoteref) refs/heads/dev refs/remotes/dev [268ms]
2025-03-09 15:19:12.080 [info] > git rev-parse --show-toplevel [12ms]
2025-03-09 15:19:12.096 [info] > git rev-parse --show-toplevel [11ms]
2025-03-09 15:19:12.111 [info] > git rev-parse --show-toplevel [10ms]
2025-03-09 15:19:12.132 [info] > git rev-parse --show-toplevel [16ms]
2025-03-09 15:19:12.143 [info] > git rev-parse --show-toplevel [2ms]
2025-03-09 15:19:12.147 [info] > git rev-parse --show-toplevel [2ms]
2025-03-09 15:19:12.153 [info] > git rev-parse --show-toplevel [3ms]
2025-03-09 15:19:12.158 [info] > git rev-parse --show-toplevel [3ms]
2025-03-09 15:19:12.160 [info] [Model][doInitialScan] Initial repository scan completed - repositories (1), closed repositories (0), parent repositories (0), unsafe repositories (0)
2025-03-09 15:19:12.453 [info] > git ls-files --stage -- scripts/personality_ui.py [9ms]
2025-03-09 15:19:12.456 [info] > git check-ignore -v -z --stdin [19ms]
2025-03-09 15:19:12.646 [info] > git for-each-ref --sort -committerdate --format %(refname) %(objectname) %(*objectname) [550ms]
2025-03-09 15:19:12.661 [info] > git cat-file -s 3ae642eb6ad2496bee57a3038a69b3a41dcc0508 [206ms]
2025-03-09 15:19:12.706 [info] > git show --textconv :scripts/personality_ui.py [265ms]
2025-03-09 15:19:13.680 [info] > git blame --root --incremental 73124b15dc9066cdfcbf5290803fff0a7c969afe -- scripts/personality_ui.py [513ms]
2025-03-09 15:19:14.821 [info] > git check-ignore -v -z --stdin [19ms]
2025-03-09 15:19:16.712 [info] > git check-ignore -v -z --stdin [10ms]
2025-03-09 15:20:18.388 [info] > git status -z -uall [66297ms] (cancelled)
2025-03-09 15:20:18.389 [info] > git for-each-ref --format=%(refname)%00%(upstream:short)%00%(objectname)%00%(upstream:track)%00%(upstream:remotename)%00%(upstream:remoteref) refs/heads/dev refs/remotes/dev [771ms]
2025-03-09 15:20:18.426 [info] > git config --get --local branch.dev.vscode-merge-base [34ms]
2025-03-09 15:20:18.429 [info] > git config --get commit.template [67ms]
2025-03-09 15:20:18.434 [info] > git for-each-ref --format=%(refname)%00%(upstream:short)%00%(objectname)%00%(upstream:track)%00%(upstream:remotename)%00%(upstream:remoteref) refs/heads/origin/main refs/remotes/origin/main [5ms]
2025-03-09 15:20:18.570 [info] > git for-each-ref --format=%(refname)%00%(upstream:short)%00%(objectname)%00%(upstream:track)%00%(upstream:remotename)%00%(upstream:remoteref) refs/heads/dev refs/remotes/dev [137ms]
2025-03-09 15:20:18.585 [info] > git merge-base refs/heads/dev refs/remotes/origin/dev [148ms]
2025-03-09 15:20:18.751 [info] > git diff --name-status -z --diff-filter=ADMR 73124b15dc9066cdfcbf5290803fff0a7c969afe...refs/remotes/origin/dev [161ms]
2025-03-09 15:20:18.785 [info] > git for-each-ref --sort -committerdate --format %(refname) %(objectname) %(*objectname) [208ms]
2025-03-09 15:20:37.495 [info] > git status -z -uall [18921ms] (cancelled)
2025-03-09 15:21:23.249 [info] > git ls-files --stage -- scripts/main_demo_ipip_mod.py [5ms]
2025-03-09 15:21:23.261 [info] > git show --textconv :scripts/main_demo_ipip_mod.py [24ms]
2025-03-09 15:21:23.263 [info] > git cat-file -s efdbc91227f87099c68a4a25ef8db3da556843d2 [12ms]
2025-03-09 15:21:23.964 [info] > git blame --root --incremental 73124b15dc9066cdfcbf5290803fff0a7c969afe -- scripts/main_demo_ipip_mod.py [541ms]
2025-03-09 15:21:57.151 [info] > git show --textconv :scripts/main_demo_ipip_mod.py [5ms]
2025-03-09 15:21:57.153 [info] > git ls-files --stage -- scripts/main_demo_ipip_mod.py [4ms]
2025-03-09 15:21:57.157 [info] > git cat-file -s efdbc91227f87099c68a4a25ef8db3da556843d2 [2ms]
2025-03-09 15:22:32.144 [info] > git ls-files --stage -- scripts/main_demo_ipip_mod.py [12ms]
2025-03-09 15:22:32.163 [info] > git cat-file -s efdbc91227f87099c68a4a25ef8db3da556843d2 [16ms]
2025-03-09 15:22:32.364 [info] > git show --textconv :scripts/main_demo_ipip_mod.py [30ms]
2025-03-09 15:25:08.509 [info] > git check-ignore -v -z --stdin [7ms]
2025-03-09 15:25:09.642 [info] > git check-ignore -v -z --stdin [9ms]
2025-03-09 15:27:40.046 [info] > git show --textconv :scripts/personality_ui.py [6ms]
2025-03-09 15:27:40.047 [info] > git ls-files --stage -- scripts/personality_ui.py [2ms]
2025-03-09 15:27:40.052 [info] > git cat-file -s 3ae642eb6ad2496bee57a3038a69b3a41dcc0508 [3ms]
2025-03-09 15:41:29.435 [info] > git show --textconv :scripts/main_demo_ipip_mod.py [5ms]
2025-03-09 15:41:29.437 [info] > git ls-files --stage -- scripts/main_demo_ipip_mod.py [4ms]
2025-03-09 15:41:29.441 [info] > git cat-file -s efdbc91227f87099c68a4a25ef8db3da556843d2 [3ms]
2025-03-09 15:42:43.916 [info] > git ls-files --stage -- scripts/main_demo_ipip_mod.py [4ms]
2025-03-09 15:42:43.922 [info] > git cat-file -s efdbc91227f87099c68a4a25ef8db3da556843d2 [3ms]
2025-03-09 15:42:43.923 [info] > git show --textconv :scripts/main_demo_ipip_mod.py [13ms]
2025-03-09 15:43:20.654 [info] > git show --textconv :scripts/dct.py [5ms]
2025-03-09 15:43:20.662 [info] > git ls-files --stage -- scripts/dct.py [10ms]
2025-03-09 15:43:20.671 [info] > git cat-file -s 15cfc6445db17418fc74c63db83a92737d28d9ad [6ms]
2025-03-09 15:43:23.898 [info] > git show --textconv :scripts/main_demo_ipip_mod.py [5ms]
2025-03-09 15:43:23.903 [info] > git ls-files --stage -- scripts/main_demo_ipip_mod.py [7ms]
2025-03-09 15:43:23.907 [info] > git cat-file -s efdbc91227f87099c68a4a25ef8db3da556843d2 [2ms]
2025-03-09 15:45:46.031 [info] > git show --textconv :scripts/dct.py [5ms]
2025-03-09 15:45:46.033 [info] > git ls-files --stage -- scripts/dct.py [4ms]
2025-03-09 15:45:46.037 [info] > git cat-file -s 15cfc6445db17418fc74c63db83a92737d28d9ad [3ms]
2025-03-09 15:45:47.194 [info] > git show --textconv :scripts/main_demo_ipip_mod.py [5ms]
2025-03-09 15:45:47.195 [info] > git ls-files --stage -- scripts/main_demo_ipip_mod.py [4ms]
2025-03-09 15:45:47.199 [info] > git cat-file -s efdbc91227f87099c68a4a25ef8db3da556843d2 [2ms]
2025-03-09 15:45:55.356 [info] > git ls-files --stage -- scripts/main_demo_ipip_mod.py [4ms]
2025-03-09 15:45:55.358 [info] > git show --textconv :scripts/main_demo_ipip_mod.py [8ms]
2025-03-09 15:45:55.360 [info] > git cat-file -s efdbc91227f87099c68a4a25ef8db3da556843d2 [2ms]
2025-03-09 15:47:21.006 [info] > git show --textconv :scripts/dct.py [8ms]
2025-03-09 15:47:21.015 [info] > git ls-files --stage -- scripts/dct.py [12ms]
2025-03-09 15:47:21.025 [info] > git cat-file -s 15cfc6445db17418fc74c63db83a92737d28d9ad [2ms]
2025-03-09 15:47:23.497 [info] > git blame --root --incremental 73124b15dc9066cdfcbf5290803fff0a7c969afe -- scripts/dct.py [6ms]
2025-03-09 15:48:50.670 [info] > git check-ignore -v -z --stdin [6ms]
2025-03-09 15:48:52.048 [info] > git check-ignore -v -z --stdin [6ms]
2025-03-09 15:48:55.504 [info] > git check-ignore -v -z --stdin [10ms]
2025-03-09 15:48:56.157 [info] > git ls-files --stage -- data/psychometric_tests/personality/trait_specific/max_A_agreeableness.csv [4ms]
2025-03-09 15:48:56.164 [info] > git show --textconv :data/psychometric_tests/personality/trait_specific/max_A_agreeableness.csv [14ms]
2025-03-09 15:48:56.168 [info] > git cat-file -s b52c44dd2201d4ae8eca851fb67d1ebe7e602166 [9ms]
2025-03-09 15:48:59.245 [info] > git ls-files --stage -- data/psychometric_tests/personality/trait_specific/max_a1_trust.csv [4ms]
2025-03-09 15:48:59.248 [info] > git show --textconv :data/psychometric_tests/personality/trait_specific/max_a1_trust.csv [9ms]
2025-03-09 15:48:59.251 [info] > git cat-file -s 944d2223781ccee28b36dad40a0f1495db97a9f5 [2ms]
2025-03-09 15:49:00.787 [info] > git blame --root --incremental 73124b15dc9066cdfcbf5290803fff0a7c969afe -- data/psychometric_tests/personality/trait_specific/max_a1_trust.csv [23ms]
2025-03-09 15:49:21.326 [info] > git show --textconv :scripts/dct.py [5ms]
2025-03-09 15:49:21.327 [info] > git ls-files --stage -- scripts/dct.py [4ms]
2025-03-09 15:49:21.331 [info] > git cat-file -s 15cfc6445db17418fc74c63db83a92737d28d9ad [2ms]
2025-03-09 15:51:20.627 [info] > git ls-files --stage -- scripts/main_demo_ipip_mod.py [4ms]
2025-03-09 15:51:20.631 [info] > git show --textconv :scripts/main_demo_ipip_mod.py [11ms]
2025-03-09 15:51:20.634 [info] > git cat-file -s efdbc91227f87099c68a4a25ef8db3da556843d2 [3ms]
2025-03-09 15:54:48.128 [info] > git show --textconv :results/max_a1_trust/steering_results.txt [5ms]
2025-03-09 15:54:48.131 [info] > git ls-files --stage -- results/max_a1_trust/steering_results.txt [5ms]
2025-03-09 15:54:48.134 [info] > git hash-object -t tree /dev/null [4ms]
2025-03-09 15:54:48.134 [warning] [GitFileSystemProvider][readFile] File not found - git:/teamspace/studios/this_studio/results/max_a1_trust/steering_results.txt.git?%7B%22path%22%3A%22%2Fteamspace%2Fstudios%2Fthis_studio%2Fresults%2Fmax_a1_trust%2Fsteering_results.txt%22%2C%22ref%22%3A%22%22%7D
2025-03-09 15:54:48.136 [info] > git hash-object -t tree /dev/null [3ms]
2025-03-09 15:54:48.136 [warning] [GitFileSystemProvider][stat] File not found - git:/teamspace/studios/this_studio/results/max_a1_trust/steering_results.txt.git?%7B%22path%22%3A%22%2Fteamspace%2Fstudios%2Fthis_studio%2Fresults%2Fmax_a1_trust%2Fsteering_results.txt%22%2C%22ref%22%3A%22%22%7D
2025-03-09 15:54:51.784 [info] > git blame --root --incremental 73124b15dc9066cdfcbf5290803fff0a7c969afe -- results/max_a1_trust/steering_results.txt [7ms]
2025-03-09 15:54:51.785 [info] fatal: no such path results/max_a1_trust/steering_results.txt in 73124b15dc9066cdfcbf5290803fff0a7c969afe
2025-03-09 15:54:55.247 [info] > git ls-files --stage -- scripts/dct.py [3ms]
2025-03-09 15:54:55.265 [info] > git show --textconv :scripts/dct.py [23ms]
2025-03-09 15:54:55.266 [info] > git cat-file -s 15cfc6445db17418fc74c63db83a92737d28d9ad [17ms]
2025-03-09 15:54:56.710 [info] > git ls-files --stage -- scripts/main_demo_ipip_mod.py [4ms]
2025-03-09 15:54:56.714 [info] > git show --textconv :scripts/main_demo_ipip_mod.py [10ms]
2025-03-09 15:54:56.716 [info] > git cat-file -s efdbc91227f87099c68a4a25ef8db3da556843d2 [3ms]
2025-03-09 15:59:15.797 [info] > git show --textconv :scripts/dct.py [6ms]
2025-03-09 15:59:15.798 [info] > git ls-files --stage -- scripts/dct.py [4ms]
2025-03-09 15:59:15.803 [info] > git cat-file -s 15cfc6445db17418fc74c63db83a92737d28d9ad [3ms]
2025-03-09 15:59:16.978 [info] > git show --textconv :scripts/dct.py [5ms]
2025-03-09 15:59:16.980 [info] > git ls-files --stage -- scripts/dct.py [5ms]
2025-03-09 15:59:16.984 [info] > git cat-file -s 15cfc6445db17418fc74c63db83a92737d28d9ad [2ms]
2025-03-09 15:59:19.186 [info] > git show --textconv :scripts/dct.py [5ms]
2025-03-09 15:59:19.186 [info] > git ls-files --stage -- scripts/dct.py [4ms]
2025-03-09 15:59:19.190 [info] > git cat-file -s 15cfc6445db17418fc74c63db83a92737d28d9ad [2ms]
2025-03-09 16:10:53.791 [info] > git check-ignore -v -z --stdin [16ms]
2025-03-09 16:15:24.053 [info] > git show --textconv :results/max_a1_trust/steering_results.txt [5ms]
2025-03-09 16:15:24.055 [warning] [GitFileSystemProvider][readFile] File not found - git:/teamspace/studios/this_studio/results/max_a1_trust/steering_results.txt.git?%7B%22path%22%3A%22%2Fteamspace%2Fstudios%2Fthis_studio%2Fresults%2Fmax_a1_trust%2Fsteering_results.txt%22%2C%22ref%22%3A%22%22%7D
2025-03-09 16:15:24.056 [info] > git ls-files --stage -- results/max_a1_trust/steering_results.txt [6ms]
2025-03-09 16:15:24.056 [warning] [GitFileSystemProvider][stat] File not found - git:/teamspace/studios/this_studio/results/max_a1_trust/steering_results.txt.git?%7B%22path%22%3A%22%2Fteamspace%2Fstudios%2Fthis_studio%2Fresults%2Fmax_a1_trust%2Fsteering_results.txt%22%2C%22ref%22%3A%22%22%7D
2025-03-09 16:18:30.345 [info] > git check-ignore -v -z --stdin [5ms]
2025-03-09 16:18:38.933 [info] > git check-ignore -v -z --stdin [6ms]
2025-03-09 16:18:48.824 [info] > git show --textconv :scripts/database_management/create_db.py [10ms]
2025-03-09 16:18:48.825 [warning] [GitFileSystemProvider][readFile] File not found - git:/teamspace/studios/this_studio/scripts/database_management/create_db.py.git?%7B%22path%22%3A%22%2Fteamspace%2Fstudios%2Fthis_studio%2Fscripts%2Fdatabase_management%2Fcreate_db.py%22%2C%22ref%22%3A%22%22%7D
2025-03-09 16:18:48.830 [info] > git ls-files --stage -- scripts/database_management/create_db.py [7ms]
2025-03-09 16:18:48.830 [warning] [GitFileSystemProvider][stat] File not found - git:/teamspace/studios/this_studio/scripts/database_management/create_db.py.git?%7B%22path%22%3A%22%2Fteamspace%2Fstudios%2Fthis_studio%2Fscripts%2Fdatabase_management%2Fcreate_db.py%22%2C%22ref%22%3A%22%22%7D
2025-03-09 16:18:48.851 [info] > git check-ignore -v -z --stdin [17ms]
2025-03-09 16:18:56.658 [info] > git blame --root --incremental 73124b15dc9066cdfcbf5290803fff0a7c969afe -- scripts/database_management/create_db.py [4ms]
2025-03-09 16:18:56.659 [info] fatal: no such path scripts/database_management/create_db.py in 73124b15dc9066cdfcbf5290803fff0a7c969afe
2025-03-09 16:20:17.218 [info] > git check-ignore -v -z --stdin [6ms]
2025-03-09 16:20:18.035 [info] > git show --textconv :results/database/experiments.db [6ms]
2025-03-09 16:20:18.036 [warning] [GitFileSystemProvider][readFile] File not found - git:/teamspace/studios/this_studio/results/database/experiments.db.git?%7B%22path%22%3A%22%2Fteamspace%2Fstudios%2Fthis_studio%2Fresults%2Fdatabase%2Fexperiments.db%22%2C%22ref%22%3A%22%22%7D
2025-03-09 16:20:18.036 [info] > git ls-files --stage -- results/database/experiments.db [4ms]
2025-03-09 16:20:18.036 [warning] [GitFileSystemProvider][stat] File not found - git:/teamspace/studios/this_studio/results/database/experiments.db.git?%7B%22path%22%3A%22%2Fteamspace%2Fstudios%2Fthis_studio%2Fresults%2Fdatabase%2Fexperiments.db%22%2C%22ref%22%3A%22%22%7D
2025-03-09 16:20:19.578 [info] > git show --textconv :scripts/database_management/create_db.py [6ms]
2025-03-09 16:20:19.578 [warning] [GitFileSystemProvider][readFile] File not found - git:/teamspace/studios/this_studio/scripts/database_management/create_db.py.git?%7B%22path%22%3A%22%2Fteamspace%2Fstudios%2Fthis_studio%2Fscripts%2Fdatabase_management%2Fcreate_db.py%22%2C%22ref%22%3A%22%22%7D
2025-03-09 16:20:19.579 [info] > git ls-files --stage -- scripts/database_management/create_db.py [5ms]
2025-03-09 16:20:19.579 [warning] [GitFileSystemProvider][stat] File not found - git:/teamspace/studios/this_studio/scripts/database_management/create_db.py.git?%7B%22path%22%3A%22%2Fteamspace%2Fstudios%2Fthis_studio%2Fscripts%2Fdatabase_management%2Fcreate_db.py%22%2C%22ref%22%3A%22%22%7D
2025-03-09 16:20:20.916 [info] > git show --textconv :results/database/experiments.db [8ms]
2025-03-09 16:20:20.916 [warning] [GitFileSystemProvider][readFile] File not found - git:/teamspace/studios/this_studio/results/database/experiments.db.git?%7B%22path%22%3A%22%2Fteamspace%2Fstudios%2Fthis_studio%2Fresults%2Fdatabase%2Fexperiments.db%22%2C%22ref%22%3A%22%22%7D
2025-03-09 16:20:20.916 [info] > git ls-files --stage -- results/database/experiments.db [5ms]
2025-03-09 16:20:20.916 [warning] [GitFileSystemProvider][stat] File not found - git:/teamspace/studios/this_studio/results/database/experiments.db.git?%7B%22path%22%3A%22%2Fteamspace%2Fstudios%2Fthis_studio%2Fresults%2Fdatabase%2Fexperiments.db%22%2C%22ref%22%3A%22%22%7D
2025-03-09 16:20:22.877 [info] > git show --textconv :scripts/database_management/create_db.py [4ms]
2025-03-09 16:20:22.878 [warning] [GitFileSystemProvider][readFile] File not found - git:/teamspace/studios/this_studio/scripts/database_management/create_db.py.git?%7B%22path%22%3A%22%2Fteamspace%2Fstudios%2Fthis_studio%2Fscripts%2Fdatabase_management%2Fcreate_db.py%22%2C%22ref%22%3A%22%22%7D
2025-03-09 16:20:22.879 [info] > git ls-files --stage -- scripts/database_management/create_db.py [4ms]
2025-03-09 16:20:22.879 [warning] [GitFileSystemProvider][stat] File not found - git:/teamspace/studios/this_studio/scripts/database_management/create_db.py.git?%7B%22path%22%3A%22%2Fteamspace%2Fstudios%2Fthis_studio%2Fscripts%2Fdatabase_management%2Fcreate_db.py%22%2C%22ref%22%3A%22%22%7D
2025-03-09 16:24:37.678 [info] > git show --textconv :.gitignore [6ms]
2025-03-09 16:24:37.679 [info] > git ls-files --stage -- .gitignore [4ms]
2025-03-09 16:24:37.683 [info] > git cat-file -s bbef15d44997b8b9d2a0d1b92ea957e90a627c6a [2ms]
2025-03-09 16:24:38.365 [info] > git blame --root --incremental 73124b15dc9066cdfcbf5290803fff0a7c969afe -- .gitignore [4ms]
2025-03-09 16:24:44.601 [info] > git check-ignore -v -z --stdin [16ms]
2025-03-09 16:24:47.341 [info] > git show --textconv :results/database/experiments.db [4ms]
2025-03-09 16:24:47.342 [warning] [GitFileSystemProvider][readFile] File not found - git:/teamspace/studios/this_studio/results/database/experiments.db.git?%7B%22path%22%3A%22%2Fteamspace%2Fstudios%2Fthis_studio%2Fresults%2Fdatabase%2Fexperiments.db%22%2C%22ref%22%3A%22%22%7D
2025-03-09 16:24:47.345 [info] > git ls-files --stage -- results/database/experiments.db [4ms]
2025-03-09 16:24:47.345 [warning] [GitFileSystemProvider][stat] File not found - git:/teamspace/studios/this_studio/results/database/experiments.db.git?%7B%22path%22%3A%22%2Fteamspace%2Fstudios%2Fthis_studio%2Fresults%2Fdatabase%2Fexperiments.db%22%2C%22ref%22%3A%22%22%7D
2025-03-09 16:25:18.706 [info] > git ls-files --stage -- scripts/database_management/create_schema.py [6ms]
2025-03-09 16:25:18.707 [warning] [GitFileSystemProvider][stat] File not found - git:/teamspace/studios/this_studio/scripts/database_management/create_schema.py.git?%7B%22path%22%3A%22%2Fteamspace%2Fstudios%2Fthis_studio%2Fscripts%2Fdatabase_management%2Fcreate_schema.py%22%2C%22ref%22%3A%22%22%7D
2025-03-09 16:25:18.708 [info] > git show --textconv :scripts/database_management/create_schema.py [10ms]
2025-03-09 16:25:18.708 [warning] [GitFileSystemProvider][readFile] File not found - git:/teamspace/studios/this_studio/scripts/database_management/create_schema.py.git?%7B%22path%22%3A%22%2Fteamspace%2Fstudios%2Fthis_studio%2Fscripts%2Fdatabase_management%2Fcreate_schema.py%22%2C%22ref%22%3A%22%22%7D
2025-03-09 16:25:18.713 [info] > git check-ignore -v -z --stdin [22ms]
2025-03-09 16:25:35.742 [info] > git blame --root --incremental 73124b15dc9066cdfcbf5290803fff0a7c969afe -- scripts/database_management/create_schema.py [4ms]
2025-03-09 16:25:35.743 [info] fatal: no such path scripts/database_management/create_schema.py in 73124b15dc9066cdfcbf5290803fff0a7c969afe
2025-03-09 16:32:23.626 [info] > git show --textconv :results/database/experiments.db [4ms]
2025-03-09 16:32:23.628 [warning] [GitFileSystemProvider][readFile] File not found - git:/teamspace/studios/this_studio/results/database/experiments.db.git?%7B%22path%22%3A%22%2Fteamspace%2Fstudios%2Fthis_studio%2Fresults%2Fdatabase%2Fexperiments.db%22%2C%22ref%22%3A%22%22%7D
2025-03-09 16:32:23.628 [info] > git ls-files --stage -- results/database/experiments.db [4ms]
2025-03-09 16:32:23.629 [warning] [GitFileSystemProvider][stat] File not found - git:/teamspace/studios/this_studio/results/database/experiments.db.git?%7B%22path%22%3A%22%2Fteamspace%2Fstudios%2Fthis_studio%2Fresults%2Fdatabase%2Fexperiments.db%22%2C%22ref%22%3A%22%22%7D
2025-03-09 16:32:25.666 [info] > git show --textconv :scripts/database_management/create_schema.py [32ms]
2025-03-09 16:32:25.666 [warning] [GitFileSystemProvider][readFile] File not found - git:/teamspace/studios/this_studio/scripts/database_management/create_schema.py.git?%7B%22path%22%3A%22%2Fteamspace%2Fstudios%2Fthis_studio%2Fscripts%2Fdatabase_management%2Fcreate_schema.py%22%2C%22ref%22%3A%22%22%7D
2025-03-09 16:32:25.670 [info] > git ls-files --stage -- scripts/database_management/create_schema.py [5ms]
2025-03-09 16:32:25.670 [warning] [GitFileSystemProvider][stat] File not found - git:/teamspace/studios/this_studio/scripts/database_management/create_schema.py.git?%7B%22path%22%3A%22%2Fteamspace%2Fstudios%2Fthis_studio%2Fscripts%2Fdatabase_management%2Fcreate_schema.py%22%2C%22ref%22%3A%22%22%7D
2025-03-09 16:37:23.081 [info] > git show --textconv :scripts/database_management/create_db.py [4ms]
2025-03-09 16:37:23.082 [warning] [GitFileSystemProvider][readFile] File not found - git:/teamspace/studios/this_studio/scripts/database_management/create_db.py.git?%7B%22path%22%3A%22%2Fteamspace%2Fstudios%2Fthis_studio%2Fscripts%2Fdatabase_management%2Fcreate_db.py%22%2C%22ref%22%3A%22%22%7D
2025-03-09 16:37:23.083 [info] > git ls-files --stage -- scripts/database_management/create_db.py [4ms]
2025-03-09 16:37:23.084 [warning] [GitFileSystemProvider][stat] File not found - git:/teamspace/studios/this_studio/scripts/database_management/create_db.py.git?%7B%22path%22%3A%22%2Fteamspace%2Fstudios%2Fthis_studio%2Fscripts%2Fdatabase_management%2Fcreate_db.py%22%2C%22ref%22%3A%22%22%7D
2025-03-09 16:37:29.503 [info] > git show --textconv :scripts/database_management/create_schema.py [5ms]
2025-03-09 16:37:29.504 [warning] [GitFileSystemProvider][readFile] File not found - git:/teamspace/studios/this_studio/scripts/database_management/create_schema.py.git?%7B%22path%22%3A%22%2Fteamspace%2Fstudios%2Fthis_studio%2Fscripts%2Fdatabase_management%2Fcreate_schema.py%22%2C%22ref%22%3A%22%22%7D
2025-03-09 16:37:29.505 [info] > git ls-files --stage -- scripts/database_management/create_schema.py [4ms]
2025-03-09 16:37:29.505 [warning] [GitFileSystemProvider][stat] File not found - git:/teamspace/studios/this_studio/scripts/database_management/create_schema.py.git?%7B%22path%22%3A%22%2Fteamspace%2Fstudios%2Fthis_studio%2Fscripts%2Fdatabase_management%2Fcreate_schema.py%22%2C%22ref%22%3A%22%22%7D
2025-03-09 16:41:08.353 [info] > git ls-files --stage -- scripts/database_management/db_helpers.py [2ms]
2025-03-09 16:41:08.354 [warning] [GitFileSystemProvider][stat] File not found - git:/teamspace/studios/this_studio/scripts/database_management/db_helpers.py.git?%7B%22path%22%3A%22%2Fteamspace%2Fstudios%2Fthis_studio%2Fscripts%2Fdatabase_management%2Fdb_helpers.py%22%2C%22ref%22%3A%22%22%7D
2025-03-09 16:41:08.363 [info] > git show --textconv :scripts/database_management/db_helpers.py [17ms]
2025-03-09 16:41:08.364 [warning] [GitFileSystemProvider][readFile] File not found - git:/teamspace/studios/this_studio/scripts/database_management/db_helpers.py.git?%7B%22path%22%3A%22%2Fteamspace%2Fstudios%2Fthis_studio%2Fscripts%2Fdatabase_management%2Fdb_helpers.py%22%2C%22ref%22%3A%22%22%7D
2025-03-09 16:41:08.431 [info] > git check-ignore -v -z --stdin [54ms]
2025-03-09 16:41:09.031 [info] > git blame --root --incremental 73124b15dc9066cdfcbf5290803fff0a7c969afe -- scripts/database_management/db_helpers.py [55ms]
2025-03-09 16:41:09.032 [info] fatal: no such path scripts/database_management/db_helpers.py in 73124b15dc9066cdfcbf5290803fff0a7c969afe
2025-03-09 16:42:54.820 [info] > git show --textconv :results/database/experiments.db [6ms]
2025-03-09 16:42:54.821 [warning] [GitFileSystemProvider][readFile] File not found - git:/teamspace/studios/this_studio/results/database/experiments.db.git?%7B%22path%22%3A%22%2Fteamspace%2Fstudios%2Fthis_studio%2Fresults%2Fdatabase%2Fexperiments.db%22%2C%22ref%22%3A%22%22%7D
2025-03-09 16:42:54.821 [info] > git ls-files --stage -- results/database/experiments.db [5ms]
2025-03-09 16:42:54.821 [warning] [GitFileSystemProvider][stat] File not found - git:/teamspace/studios/this_studio/results/database/experiments.db.git?%7B%22path%22%3A%22%2Fteamspace%2Fstudios%2Fthis_studio%2Fresults%2Fdatabase%2Fexperiments.db%22%2C%22ref%22%3A%22%22%7D
2025-03-09 16:42:56.802 [info] > git show --textconv :scripts/database_management/db_helpers.py [4ms]
2025-03-09 16:42:56.803 [warning] [GitFileSystemProvider][readFile] File not found - git:/teamspace/studios/this_studio/scripts/database_management/db_helpers.py.git?%7B%22path%22%3A%22%2Fteamspace%2Fstudios%2Fthis_studio%2Fscripts%2Fdatabase_management%2Fdb_helpers.py%22%2C%22ref%22%3A%22%22%7D
2025-03-09 16:42:56.804 [info] > git ls-files --stage -- scripts/database_management/db_helpers.py [4ms]
2025-03-09 16:42:56.804 [warning] [GitFileSystemProvider][stat] File not found - git:/teamspace/studios/this_studio/scripts/database_management/db_helpers.py.git?%7B%22path%22%3A%22%2Fteamspace%2Fstudios%2Fthis_studio%2Fscripts%2Fdatabase_management%2Fdb_helpers.py%22%2C%22ref%22%3A%22%22%7D
2025-03-09 16:42:58.900 [info] > git show --textconv :scripts/database_management/create_schema.py [4ms]
2025-03-09 16:42:58.900 [warning] [GitFileSystemProvider][readFile] File not found - git:/teamspace/studios/this_studio/scripts/database_management/create_schema.py.git?%7B%22path%22%3A%22%2Fteamspace%2Fstudios%2Fthis_studio%2Fscripts%2Fdatabase_management%2Fcreate_schema.py%22%2C%22ref%22%3A%22%22%7D
2025-03-09 16:42:58.901 [info] > git ls-files --stage -- scripts/database_management/create_schema.py [3ms]
2025-03-09 16:42:58.901 [warning] [GitFileSystemProvider][stat] File not found - git:/teamspace/studios/this_studio/scripts/database_management/create_schema.py.git?%7B%22path%22%3A%22%2Fteamspace%2Fstudios%2Fthis_studio%2Fscripts%2Fdatabase_management%2Fcreate_schema.py%22%2C%22ref%22%3A%22%22%7D
2025-03-09 16:43:04.610 [info] > git show --textconv :scripts/database_management/db_helpers.py [6ms]
2025-03-09 16:43:04.611 [warning] [GitFileSystemProvider][readFile] File not found - git:/teamspace/studios/this_studio/scripts/database_management/db_helpers.py.git?%7B%22path%22%3A%22%2Fteamspace%2Fstudios%2Fthis_studio%2Fscripts%2Fdatabase_management%2Fdb_helpers.py%22%2C%22ref%22%3A%22%22%7D
2025-03-09 16:43:04.613 [info] > git ls-files --stage -- scripts/database_management/db_helpers.py [5ms]
2025-03-09 16:43:04.613 [warning] [GitFileSystemProvider][stat] File not found - git:/teamspace/studios/this_studio/scripts/database_management/db_helpers.py.git?%7B%22path%22%3A%22%2Fteamspace%2Fstudios%2Fthis_studio%2Fscripts%2Fdatabase_management%2Fdb_helpers.py%22%2C%22ref%22%3A%22%22%7D
2025-03-09 16:43:15.948 [info] > git show --textconv :scripts/database_management/populate_traits.py [12ms]
2025-03-09 16:43:15.949 [info] > git ls-files --stage -- scripts/database_management/populate_traits.py [8ms]
2025-03-09 16:43:15.950 [warning] [GitFileSystemProvider][stat] File not found - git:/teamspace/studios/this_studio/scripts/database_management/populate_traits.py.git?%7B%22path%22%3A%22%2Fteamspace%2Fstudios%2Fthis_studio%2Fscripts%2Fdatabase_management%2Fpopulate_traits.py%22%2C%22ref%22%3A%22%22%7D
2025-03-09 16:43:15.950 [warning] [GitFileSystemProvider][readFile] File not found - git:/teamspace/studios/this_studio/scripts/database_management/populate_traits.py.git?%7B%22path%22%3A%22%2Fteamspace%2Fstudios%2Fthis_studio%2Fscripts%2Fdatabase_management%2Fpopulate_traits.py%22%2C%22ref%22%3A%22%22%7D
2025-03-09 16:43:15.963 [info] > git check-ignore -v -z --stdin [16ms]
2025-03-09 16:46:09.494 [info] > git check-ignore -v -z --stdin [8ms]
2025-03-09 16:46:28.924 [info] > git check-ignore -v -z --stdin [51ms]
2025-03-09 16:46:28.925 [info] > git show --textconv :scripts/database_management/trait_structure_management/create_trait_csv.py [16ms]
2025-03-09 16:46:28.925 [warning] [GitFileSystemProvider][readFile] File not found - git:/teamspace/studios/this_studio/scripts/database_management/trait_structure_management/create_trait_csv.py.git?%7B%22path%22%3A%22%2Fteamspace%2Fstudios%2Fthis_studio%2Fscripts%2Fdatabase_management%2Ftrait_structure_management%2Fcreate_trait_csv.py%22%2C%22ref%22%3A%22%22%7D
2025-03-09 16:46:28.933 [info] > git ls-files --stage -- scripts/database_management/trait_structure_management/create_trait_csv.py [10ms]
2025-03-09 16:46:28.934 [warning] [GitFileSystemProvider][stat] File not found - git:/teamspace/studios/this_studio/scripts/database_management/trait_structure_management/create_trait_csv.py.git?%7B%22path%22%3A%22%2Fteamspace%2Fstudios%2Fthis_studio%2Fscripts%2Fdatabase_management%2Ftrait_structure_management%2Fcreate_trait_csv.py%22%2C%22ref%22%3A%22%22%7D
2025-03-09 16:47:33.000 [info] > git show --textconv :scripts/database_management/create_schema.py [4ms]
2025-03-09 16:47:33.001 [warning] [GitFileSystemProvider][readFile] File not found - git:/teamspace/studios/this_studio/scripts/database_management/create_schema.py.git?%7B%22path%22%3A%22%2Fteamspace%2Fstudios%2Fthis_studio%2Fscripts%2Fdatabase_management%2Fcreate_schema.py%22%2C%22ref%22%3A%22%22%7D
2025-03-09 16:47:33.002 [info] > git ls-files --stage -- scripts/database_management/create_schema.py [3ms]
2025-03-09 16:47:33.002 [warning] [GitFileSystemProvider][stat] File not found - git:/teamspace/studios/this_studio/scripts/database_management/create_schema.py.git?%7B%22path%22%3A%22%2Fteamspace%2Fstudios%2Fthis_studio%2Fscripts%2Fdatabase_management%2Fcreate_schema.py%22%2C%22ref%22%3A%22%22%7D
2025-03-09 16:48:21.812 [info] > git show --textconv :scripts/database_management/trait_structure_management/trait_master_db.csv [5ms]
2025-03-09 16:48:21.814 [warning] [GitFileSystemProvider][readFile] File not found - git:/teamspace/studios/this_studio/scripts/database_management/trait_structure_management/trait_master_db.csv.git?%7B%22path%22%3A%22%2Fteamspace%2Fstudios%2Fthis_studio%2Fscripts%2Fdatabase_management%2Ftrait_structure_management%2Ftrait_master_db.csv%22%2C%22ref%22%3A%22%22%7D
2025-03-09 16:48:21.814 [info] > git ls-files --stage -- scripts/database_management/trait_structure_management/trait_master_db.csv [4ms]
2025-03-09 16:48:21.815 [warning] [GitFileSystemProvider][stat] File not found - git:/teamspace/studios/this_studio/scripts/database_management/trait_structure_management/trait_master_db.csv.git?%7B%22path%22%3A%22%2Fteamspace%2Fstudios%2Fthis_studio%2Fscripts%2Fdatabase_management%2Ftrait_structure_management%2Ftrait_master_db.csv%22%2C%22ref%22%3A%22%22%7D
2025-03-09 16:48:21.833 [info] > git check-ignore -v -z --stdin [5ms]
2025-03-09 16:48:21.994 [info] > git blame --root --incremental 73124b15dc9066cdfcbf5290803fff0a7c969afe -- scripts/database_management/trait_structure_management/trait_master_db.csv [3ms]
2025-03-09 16:48:21.994 [info] fatal: no such path scripts/database_management/trait_structure_management/trait_master_db.csv in 73124b15dc9066cdfcbf5290803fff0a7c969afe
2025-03-09 16:51:47.997 [info] > git check-ignore -v -z --stdin [5ms]
2025-03-09 16:51:50.471 [info] > git show --textconv :data/psychometric_tests/personality/ipip_neo_120.csv [7ms]
2025-03-09 16:51:50.471 [info] > git ls-files --stage -- data/psychometric_tests/personality/ipip_neo_120.csv [5ms]
2025-03-09 16:51:50.476 [info] > git cat-file -s fbbc485b9265022953cb22be0094c6096fdb21a3 [3ms]
2025-03-09 16:51:51.363 [info] > git ls-files --stage -- data/psychometric_tests/personality/ipip_neo_120_test_goal.csv [4ms]
2025-03-09 16:51:51.365 [info] > git show --textconv :data/psychometric_tests/personality/ipip_neo_120_test_goal.csv [8ms]
2025-03-09 16:51:51.368 [info] > git cat-file -s e34bf39f7ab4845faec0b196c1f558468f97a8d6 [3ms]
2025-03-09 16:51:53.914 [info] > git show --textconv :data/psychometric_tests/personality/ipip_neo_120_formatted.csv [6ms]
2025-03-09 16:51:53.915 [info] > git ls-files --stage -- data/psychometric_tests/personality/ipip_neo_120_formatted.csv [4ms]
2025-03-09 16:51:53.920 [info] > git cat-file -s 42b8a25d1451df753ed8a9a8940a8b4d9e8063d0 [3ms]
2025-03-09 16:52:09.257 [info] > git show --textconv :data/psychometric_tests/personality/fix.py [6ms]
2025-03-09 16:52:09.259 [info] > git ls-files --stage -- data/psychometric_tests/personality/fix.py [4ms]
2025-03-09 16:52:09.263 [info] > git cat-file -s 7fa4e71ff6351953e03e282931029a2a02179cb1 [3ms]
2025-03-09 16:52:13.479 [info] > git check-ignore -v -z --stdin [6ms]
2025-03-09 16:52:14.922 [info] > git ls-files --stage -- data/psychometric_tests/personality/ipip_neo_120_formatted.csv [3ms]
2025-03-09 16:52:14.925 [info] > git show --textconv :data/psychometric_tests/personality/ipip_neo_120_formatted.csv [11ms]
2025-03-09 16:52:14.928 [info] > git cat-file -s 42b8a25d1451df753ed8a9a8940a8b4d9e8063d0 [4ms]
2025-03-09 16:52:17.479 [info] > git blame --root --incremental 73124b15dc9066cdfcbf5290803fff0a7c969afe -- data/psychometric_tests/personality/ipip_neo_120_formatted.csv [14ms]
2025-03-09 16:53:06.813 [info] > git show --textconv :scripts/database_management/trait_structure_management/create_trait_csv.py [5ms]
2025-03-09 16:53:06.814 [warning] [GitFileSystemProvider][readFile] File not found - git:/teamspace/studios/this_studio/scripts/database_management/trait_structure_management/create_trait_csv.py.git?%7B%22path%22%3A%22%2Fteamspace%2Fstudios%2Fthis_studio%2Fscripts%2Fdatabase_management%2Ftrait_structure_management%2Fcreate_trait_csv.py%22%2C%22ref%22%3A%22%22%7D
2025-03-09 16:53:06.815 [info] > git ls-files --stage -- scripts/database_management/trait_structure_management/create_trait_csv.py [5ms]
2025-03-09 16:53:06.815 [warning] [GitFileSystemProvider][stat] File not found - git:/teamspace/studios/this_studio/scripts/database_management/trait_structure_management/create_trait_csv.py.git?%7B%22path%22%3A%22%2Fteamspace%2Fstudios%2Fthis_studio%2Fscripts%2Fdatabase_management%2Ftrait_structure_management%2Fcreate_trait_csv.py%22%2C%22ref%22%3A%22%22%7D
2025-03-09 16:53:47.247 [info] > git blame --root --incremental 73124b15dc9066cdfcbf5290803fff0a7c969afe -- scripts/database_management/trait_structure_management/create_trait_csv.py [4ms]
2025-03-09 16:53:47.248 [info] fatal: no such path scripts/database_management/trait_structure_management/create_trait_csv.py in 73124b15dc9066cdfcbf5290803fff0a7c969afe
2025-03-09 16:53:59.822 [info] > git check-ignore -v -z --stdin [10ms]
2025-03-09 16:54:54.966 [info] > git check-ignore -v -z --stdin [25ms]
2025-03-09 16:54:58.097 [info] > git show --textconv :scripts/database_management/trait_structure_management/personality_traits.csv [7ms]
2025-03-09 16:54:58.098 [warning] [GitFileSystemProvider][readFile] File not found - git:/teamspace/studios/this_studio/scripts/database_management/trait_structure_management/personality_traits.csv.git?%7B%22path%22%3A%22%2Fteamspace%2Fstudios%2Fthis_studio%2Fscripts%2Fdatabase_management%2Ftrait_structure_management%2Fpersonality_traits.csv%22%2C%22ref%22%3A%22%22%7D
2025-03-09 16:54:58.098 [info] > git ls-files --stage -- scripts/database_management/trait_structure_management/personality_traits.csv [5ms]
2025-03-09 16:54:58.098 [warning] [GitFileSystemProvider][stat] File not found - git:/teamspace/studios/this_studio/scripts/database_management/trait_structure_management/personality_traits.csv.git?%7B%22path%22%3A%22%2Fteamspace%2Fstudios%2Fthis_studio%2Fscripts%2Fdatabase_management%2Ftrait_structure_management%2Fpersonality_traits.csv%22%2C%22ref%22%3A%22%22%7D
2025-03-09 16:55:09.851 [info] > git blame --root --incremental 73124b15dc9066cdfcbf5290803fff0a7c969afe -- scripts/database_management/trait_structure_management/personality_traits.csv [4ms]
2025-03-09 16:55:09.851 [info] fatal: no such path scripts/database_management/trait_structure_management/personality_traits.csv in 73124b15dc9066cdfcbf5290803fff0a7c969afe
2025-03-09 16:56:27.449 [info] > git show --textconv :scripts/database_management/trait_structure_management/trait_master_db.csv [4ms]
2025-03-09 16:56:27.451 [warning] [GitFileSystemProvider][readFile] File not found - git:/teamspace/studios/this_studio/scripts/database_management/trait_structure_management/trait_master_db.csv.git?%7B%22path%22%3A%22%2Fteamspace%2Fstudios%2Fthis_studio%2Fscripts%2Fdatabase_management%2Ftrait_structure_management%2Ftrait_master_db.csv%22%2C%22ref%22%3A%22%22%7D
2025-03-09 16:56:27.451 [info] > git ls-files --stage -- scripts/database_management/trait_structure_management/trait_master_db.csv [4ms]
2025-03-09 16:56:27.451 [warning] [GitFileSystemProvider][stat] File not found - git:/teamspace/studios/this_studio/scripts/database_management/trait_structure_management/trait_master_db.csv.git?%7B%22path%22%3A%22%2Fteamspace%2Fstudios%2Fthis_studio%2Fscripts%2Fdatabase_management%2Ftrait_structure_management%2Ftrait_master_db.csv%22%2C%22ref%22%3A%22%22%7D
2025-03-09 16:56:27.949 [info] > git show --textconv :scripts/database_management/trait_structure_management/personality_traits.csv [5ms]
2025-03-09 16:56:27.949 [warning] [GitFileSystemProvider][readFile] File not found - git:/teamspace/studios/this_studio/scripts/database_management/trait_structure_management/personality_traits.csv.git?%7B%22path%22%3A%22%2Fteamspace%2Fstudios%2Fthis_studio%2Fscripts%2Fdatabase_management%2Ftrait_structure_management%2Fpersonality_traits.csv%22%2C%22ref%22%3A%22%22%7D
2025-03-09 16:56:27.950 [info] > git ls-files --stage -- scripts/database_management/trait_structure_management/personality_traits.csv [4ms]
2025-03-09 16:56:27.950 [warning] [GitFileSystemProvider][stat] File not found - git:/teamspace/studios/this_studio/scripts/database_management/trait_structure_management/personality_traits.csv.git?%7B%22path%22%3A%22%2Fteamspace%2Fstudios%2Fthis_studio%2Fscripts%2Fdatabase_management%2Ftrait_structure_management%2Fpersonality_traits.csv%22%2C%22ref%22%3A%22%22%7D
2025-03-09 16:56:28.366 [info] > git show --textconv :scripts/database_management/trait_structure_management/create_trait_csv.py [3ms]
2025-03-09 16:56:28.367 [warning] [GitFileSystemProvider][readFile] File not found - git:/teamspace/studios/this_studio/scripts/database_management/trait_structure_management/create_trait_csv.py.git?%7B%22path%22%3A%22%2Fteamspace%2Fstudios%2Fthis_studio%2Fscripts%2Fdatabase_management%2Ftrait_structure_management%2Fcreate_trait_csv.py%22%2C%22ref%22%3A%22%22%7D
2025-03-09 16:56:28.369 [info] > git ls-files --stage -- scripts/database_management/trait_structure_management/create_trait_csv.py [3ms]
2025-03-09 16:56:28.370 [warning] [GitFileSystemProvider][stat] File not found - git:/teamspace/studios/this_studio/scripts/database_management/trait_structure_management/create_trait_csv.py.git?%7B%22path%22%3A%22%2Fteamspace%2Fstudios%2Fthis_studio%2Fscripts%2Fdatabase_management%2Ftrait_structure_management%2Fcreate_trait_csv.py%22%2C%22ref%22%3A%22%22%7D
2025-03-09 16:57:28.548 [info] > git show --textconv :scripts/database_management/trait_structure_management/trait_master_db.csv [5ms]
2025-03-09 16:57:28.549 [warning] [GitFileSystemProvider][readFile] File not found - git:/teamspace/studios/this_studio/scripts/database_management/trait_structure_management/trait_master_db.csv.git?%7B%22path%22%3A%22%2Fteamspace%2Fstudios%2Fthis_studio%2Fscripts%2Fdatabase_management%2Ftrait_structure_management%2Ftrait_master_db.csv%22%2C%22ref%22%3A%22%22%7D
2025-03-09 16:57:28.549 [info] > git ls-files --stage -- scripts/database_management/trait_structure_management/trait_master_db.csv [4ms]
2025-03-09 16:57:28.550 [warning] [GitFileSystemProvider][stat] File not found - git:/teamspace/studios/this_studio/scripts/database_management/trait_structure_management/trait_master_db.csv.git?%7B%22path%22%3A%22%2Fteamspace%2Fstudios%2Fthis_studio%2Fscripts%2Fdatabase_management%2Ftrait_structure_management%2Ftrait_master_db.csv%22%2C%22ref%22%3A%22%22%7D
2025-03-09 16:57:30.269 [info] > git show --textconv :scripts/database_management/trait_structure_management/personality_traits.csv [5ms]
2025-03-09 16:57:30.270 [warning] [GitFileSystemProvider][readFile] File not found - git:/teamspace/studios/this_studio/scripts/database_management/trait_structure_management/personality_traits.csv.git?%7B%22path%22%3A%22%2Fteamspace%2Fstudios%2Fthis_studio%2Fscripts%2Fdatabase_management%2Ftrait_structure_management%2Fpersonality_traits.csv%22%2C%22ref%22%3A%22%22%7D
2025-03-09 16:57:30.272 [info] > git ls-files --stage -- scripts/database_management/trait_structure_management/personality_traits.csv [5ms]
2025-03-09 16:57:30.272 [warning] [GitFileSystemProvider][stat] File not found - git:/teamspace/studios/this_studio/scripts/database_management/trait_structure_management/personality_traits.csv.git?%7B%22path%22%3A%22%2Fteamspace%2Fstudios%2Fthis_studio%2Fscripts%2Fdatabase_management%2Ftrait_structure_management%2Fpersonality_traits.csv%22%2C%22ref%22%3A%22%22%7D
2025-03-09 16:57:41.226 [info] > git show --textconv :data/psychometric_tests/personality/ipip_neo_120_formatted.csv [5ms]
2025-03-09 16:57:41.228 [info] > git ls-files --stage -- data/psychometric_tests/personality/ipip_neo_120_formatted.csv [6ms]
2025-03-09 16:57:41.233 [info] > git cat-file -s 42b8a25d1451df753ed8a9a8940a8b4d9e8063d0 [2ms]
2025-03-09 16:57:52.074 [info] > git show --textconv :scripts/database_management/trait_structure_management/personality_traits.csv [4ms]
2025-03-09 16:57:52.076 [warning] [GitFileSystemProvider][readFile] File not found - git:/teamspace/studios/this_studio/scripts/database_management/trait_structure_management/personality_traits.csv.git?%7B%22path%22%3A%22%2Fteamspace%2Fstudios%2Fthis_studio%2Fscripts%2Fdatabase_management%2Ftrait_structure_management%2Fpersonality_traits.csv%22%2C%22ref%22%3A%22%22%7D
2025-03-09 16:57:52.077 [info] > git ls-files --stage -- scripts/database_management/trait_structure_management/personality_traits.csv [5ms]
2025-03-09 16:57:52.077 [warning] [GitFileSystemProvider][stat] File not found - git:/teamspace/studios/this_studio/scripts/database_management/trait_structure_management/personality_traits.csv.git?%7B%22path%22%3A%22%2Fteamspace%2Fstudios%2Fthis_studio%2Fscripts%2Fdatabase_management%2Ftrait_structure_management%2Fpersonality_traits.csv%22%2C%22ref%22%3A%22%22%7D
2025-03-09 16:57:54.841 [info] > git show --textconv :scripts/database_management/trait_structure_management/trait_master_db.csv [7ms]
2025-03-09 16:57:54.841 [warning] [GitFileSystemProvider][readFile] File not found - git:/teamspace/studios/this_studio/scripts/database_management/trait_structure_management/trait_master_db.csv.git?%7B%22path%22%3A%22%2Fteamspace%2Fstudios%2Fthis_studio%2Fscripts%2Fdatabase_management%2Ftrait_structure_management%2Ftrait_master_db.csv%22%2C%22ref%22%3A%22%22%7D
2025-03-09 16:57:54.841 [info] > git ls-files --stage -- scripts/database_management/trait_structure_management/trait_master_db.csv [6ms]
2025-03-09 16:57:54.842 [warning] [GitFileSystemProvider][stat] File not found - git:/teamspace/studios/this_studio/scripts/database_management/trait_structure_management/trait_master_db.csv.git?%7B%22path%22%3A%22%2Fteamspace%2Fstudios%2Fthis_studio%2Fscripts%2Fdatabase_management%2Ftrait_structure_management%2Ftrait_master_db.csv%22%2C%22ref%22%3A%22%22%7D
2025-03-09 16:57:56.021 [info] > git show --textconv :scripts/database_management/trait_structure_management/personality_traits.csv [14ms]
2025-03-09 16:57:56.022 [warning] [GitFileSystemProvider][readFile] File not found - git:/teamspace/studios/this_studio/scripts/database_management/trait_structure_management/personality_traits.csv.git?%7B%22path%22%3A%22%2Fteamspace%2Fstudios%2Fthis_studio%2Fscripts%2Fdatabase_management%2Ftrait_structure_management%2Fpersonality_traits.csv%22%2C%22ref%22%3A%22%22%7D
2025-03-09 16:57:56.022 [info] > git ls-files --stage -- scripts/database_management/trait_structure_management/personality_traits.csv [11ms]
2025-03-09 16:57:56.022 [warning] [GitFileSystemProvider][stat] File not found - git:/teamspace/studios/this_studio/scripts/database_management/trait_structure_management/personality_traits.csv.git?%7B%22path%22%3A%22%2Fteamspace%2Fstudios%2Fthis_studio%2Fscripts%2Fdatabase_management%2Ftrait_structure_management%2Fpersonality_traits.csv%22%2C%22ref%22%3A%22%22%7D
2025-03-09 16:57:56.572 [info] > git ls-files --stage -- scripts/database_management/trait_structure_management/create_trait_csv.py [5ms]
2025-03-09 16:57:56.572 [warning] [GitFileSystemProvider][stat] File not found - git:/teamspace/studios/this_studio/scripts/database_management/trait_structure_management/create_trait_csv.py.git?%7B%22path%22%3A%22%2Fteamspace%2Fstudios%2Fthis_studio%2Fscripts%2Fdatabase_management%2Ftrait_structure_management%2Fcreate_trait_csv.py%22%2C%22ref%22%3A%22%22%7D
2025-03-09 16:57:56.574 [info] > git show --textconv :scripts/database_management/trait_structure_management/create_trait_csv.py [9ms]
2025-03-09 16:57:56.575 [warning] [GitFileSystemProvider][readFile] File not found - git:/teamspace/studios/this_studio/scripts/database_management/trait_structure_management/create_trait_csv.py.git?%7B%22path%22%3A%22%2Fteamspace%2Fstudios%2Fthis_studio%2Fscripts%2Fdatabase_management%2Ftrait_structure_management%2Fcreate_trait_csv.py%22%2C%22ref%22%3A%22%22%7D
2025-03-09 17:00:01.777 [info] > git show --textconv :scripts/database_management/trait_structure_management/personality_traits.csv [12ms]
2025-03-09 17:00:01.778 [info] > git ls-files --stage -- scripts/database_management/trait_structure_management/personality_traits.csv [10ms]
2025-03-09 17:00:01.778 [warning] [GitFileSystemProvider][stat] File not found - git:/teamspace/studios/this_studio/scripts/database_management/trait_structure_management/personality_traits.csv.git?%7B%22path%22%3A%22%2Fteamspace%2Fstudios%2Fthis_studio%2Fscripts%2Fdatabase_management%2Ftrait_structure_management%2Fpersonality_traits.csv%22%2C%22ref%22%3A%22%22%7D
2025-03-09 17:00:01.779 [warning] [GitFileSystemProvider][readFile] File not found - git:/teamspace/studios/this_studio/scripts/database_management/trait_structure_management/personality_traits.csv.git?%7B%22path%22%3A%22%2Fteamspace%2Fstudios%2Fthis_studio%2Fscripts%2Fdatabase_management%2Ftrait_structure_management%2Fpersonality_traits.csv%22%2C%22ref%22%3A%22%22%7D
2025-03-09 17:00:29.417 [info] > git ls-files --stage -- scripts/database_management/trait_structure_management/create_trait_csv.py [3ms]
2025-03-09 17:00:29.418 [warning] [GitFileSystemProvider][stat] File not found - git:/teamspace/studios/this_studio/scripts/database_management/trait_structure_management/create_trait_csv.py.git?%7B%22path%22%3A%22%2Fteamspace%2Fstudios%2Fthis_studio%2Fscripts%2Fdatabase_management%2Ftrait_structure_management%2Fcreate_trait_csv.py%22%2C%22ref%22%3A%22%22%7D
2025-03-09 17:00:29.421 [info] > git show --textconv :scripts/database_management/trait_structure_management/create_trait_csv.py [10ms]
2025-03-09 17:00:29.422 [warning] [GitFileSystemProvider][readFile] File not found - git:/teamspace/studios/this_studio/scripts/database_management/trait_structure_management/create_trait_csv.py.git?%7B%22path%22%3A%22%2Fteamspace%2Fstudios%2Fthis_studio%2Fscripts%2Fdatabase_management%2Ftrait_structure_management%2Fcreate_trait_csv.py%22%2C%22ref%22%3A%22%22%7D
2025-03-09 17:01:36.606 [info] > git show --textconv :scripts/database_management/trait_structure_management/trait_master_db.csv [4ms]
2025-03-09 17:01:36.607 [warning] [GitFileSystemProvider][readFile] File not found - git:/teamspace/studios/this_studio/scripts/database_management/trait_structure_management/trait_master_db.csv.git?%7B%22path%22%3A%22%2Fteamspace%2Fstudios%2Fthis_studio%2Fscripts%2Fdatabase_management%2Ftrait_structure_management%2Ftrait_master_db.csv%22%2C%22ref%22%3A%22%22%7D
2025-03-09 17:01:36.608 [info] > git ls-files --stage -- scripts/database_management/trait_structure_management/trait_master_db.csv [4ms]
2025-03-09 17:01:36.608 [warning] [GitFileSystemProvider][stat] File not found - git:/teamspace/studios/this_studio/scripts/database_management/trait_structure_management/trait_master_db.csv.git?%7B%22path%22%3A%22%2Fteamspace%2Fstudios%2Fthis_studio%2Fscripts%2Fdatabase_management%2Ftrait_structure_management%2Ftrait_master_db.csv%22%2C%22ref%22%3A%22%22%7D
2025-03-09 17:01:37.821 [info] > git show --textconv :scripts/database_management/trait_structure_management/personality_traits.csv [4ms]
2025-03-09 17:01:37.822 [warning] [GitFileSystemProvider][readFile] File not found - git:/teamspace/studios/this_studio/scripts/database_management/trait_structure_management/personality_traits.csv.git?%7B%22path%22%3A%22%2Fteamspace%2Fstudios%2Fthis_studio%2Fscripts%2Fdatabase_management%2Ftrait_structure_management%2Fpersonality_traits.csv%22%2C%22ref%22%3A%22%22%7D
2025-03-09 17:01:37.823 [info] > git ls-files --stage -- scripts/database_management/trait_structure_management/personality_traits.csv [4ms]
2025-03-09 17:01:37.823 [warning] [GitFileSystemProvider][stat] File not found - git:/teamspace/studios/this_studio/scripts/database_management/trait_structure_management/personality_traits.csv.git?%7B%22path%22%3A%22%2Fteamspace%2Fstudios%2Fthis_studio%2Fscripts%2Fdatabase_management%2Ftrait_structure_management%2Fpersonality_traits.csv%22%2C%22ref%22%3A%22%22%7D
2025-03-09 17:01:39.528 [info] > git show --textconv :scripts/database_management/trait_structure_management/create_trait_csv.py [5ms]
2025-03-09 17:01:39.529 [warning] [GitFileSystemProvider][readFile] File not found - git:/teamspace/studios/this_studio/scripts/database_management/trait_structure_management/create_trait_csv.py.git?%7B%22path%22%3A%22%2Fteamspace%2Fstudios%2Fthis_studio%2Fscripts%2Fdatabase_management%2Ftrait_structure_management%2Fcreate_trait_csv.py%22%2C%22ref%22%3A%22%22%7D
2025-03-09 17:01:39.530 [info] > git ls-files --stage -- scripts/database_management/trait_structure_management/create_trait_csv.py [2ms]
2025-03-09 17:01:39.531 [warning] [GitFileSystemProvider][stat] File not found - git:/teamspace/studios/this_studio/scripts/database_management/trait_structure_management/create_trait_csv.py.git?%7B%22path%22%3A%22%2Fteamspace%2Fstudios%2Fthis_studio%2Fscripts%2Fdatabase_management%2Ftrait_structure_management%2Fcreate_trait_csv.py%22%2C%22ref%22%3A%22%22%7D
2025-03-09 17:02:58.181 [info] > git check-ignore -v -z --stdin [12ms]
2025-03-09 17:03:11.661 [info] > git check-ignore -v -z --stdin [7ms]
2025-03-09 17:03:25.709 [info] > git show --textconv :data/psychometric_tests/political/format_p [5ms]
2025-03-09 17:03:25.711 [warning] [GitFileSystemProvider][readFile] File not found - git:/teamspace/studios/this_studio/data/psychometric_tests/political/format_p.git?%7B%22path%22%3A%22%2Fteamspace%2Fstudios%2Fthis_studio%2Fdata%2Fpsychometric_tests%2Fpolitical%2Fformat_p%22%2C%22ref%22%3A%22%22%7D
2025-03-09 17:03:25.712 [info] > git ls-files --stage -- data/psychometric_tests/political/format_p [4ms]
2025-03-09 17:03:25.712 [warning] [GitFileSystemProvider][stat] File not found - git:/teamspace/studios/this_studio/data/psychometric_tests/political/format_p.git?%7B%22path%22%3A%22%2Fteamspace%2Fstudios%2Fthis_studio%2Fdata%2Fpsychometric_tests%2Fpolitical%2Fformat_p%22%2C%22ref%22%3A%22%22%7D
2025-03-09 17:03:25.733 [info] > git check-ignore -v -z --stdin [8ms]
2025-03-09 17:03:41.208 [info] > git show --textconv :data/psychometric_tests/political/format_secs_csv.py [18ms]
2025-03-09 17:03:41.210 [warning] [GitFileSystemProvider][readFile] File not found - git:/teamspace/studios/this_studio/data/psychometric_tests/political/format_secs_csv.py.git?%7B%22path%22%3A%22%2Fteamspace%2Fstudios%2Fthis_studio%2Fdata%2Fpsychometric_tests%2Fpolitical%2Fformat_secs_csv.py%22%2C%22ref%22%3A%22%22%7D
2025-03-09 17:03:41.210 [info] > git ls-files --stage -- data/psychometric_tests/political/format_secs_csv.py [17ms]
2025-03-09 17:03:41.211 [warning] [GitFileSystemProvider][stat] File not found - git:/teamspace/studios/this_studio/data/psychometric_tests/political/format_secs_csv.py.git?%7B%22path%22%3A%22%2Fteamspace%2Fstudios%2Fthis_studio%2Fdata%2Fpsychometric_tests%2Fpolitical%2Fformat_secs_csv.py%22%2C%22ref%22%3A%22%22%7D
2025-03-09 17:03:41.217 [info] > git check-ignore -v -z --stdin [9ms]
2025-03-09 17:07:48.300 [info] > git blame --root --incremental 73124b15dc9066cdfcbf5290803fff0a7c969afe -- data/psychometric_tests/political/format_secs_csv.py [4ms]
2025-03-09 17:07:48.301 [info] fatal: no such path data/psychometric_tests/political/format_secs_csv.py in 73124b15dc9066cdfcbf5290803fff0a7c969afe
2025-03-09 17:07:55.825 [info] > git show --textconv :data/psychometric_tests/personality/ipip_neo_120_formatted.csv [6ms]
2025-03-09 17:07:55.827 [info] > git ls-files --stage -- data/psychometric_tests/personality/ipip_neo_120_formatted.csv [5ms]
2025-03-09 17:07:55.832 [info] > git cat-file -s 42b8a25d1451df753ed8a9a8940a8b4d9e8063d0 [3ms]
2025-03-09 17:08:01.613 [info] > git show --textconv :scripts/database_management/trait_structure_management/personality_traits.csv [6ms]
2025-03-09 17:08:01.614 [warning] [GitFileSystemProvider][readFile] File not found - git:/teamspace/studios/this_studio/scripts/database_management/trait_structure_management/personality_traits.csv.git?%7B%22path%22%3A%22%2Fteamspace%2Fstudios%2Fthis_studio%2Fscripts%2Fdatabase_management%2Ftrait_structure_management%2Fpersonality_traits.csv%22%2C%22ref%22%3A%22%22%7D
2025-03-09 17:08:01.614 [info] > git ls-files --stage -- scripts/database_management/trait_structure_management/personality_traits.csv [4ms]
2025-03-09 17:08:01.615 [warning] [GitFileSystemProvider][stat] File not found - git:/teamspace/studios/this_studio/scripts/database_management/trait_structure_management/personality_traits.csv.git?%7B%22path%22%3A%22%2Fteamspace%2Fstudios%2Fthis_studio%2Fscripts%2Fdatabase_management%2Ftrait_structure_management%2Fpersonality_traits.csv%22%2C%22ref%22%3A%22%22%7D
2025-03-09 17:12:20.343 [info] > git show --textconv :data/psychometric_tests/political/format_secs_csv.py [7ms]
2025-03-09 17:12:20.344 [warning] [GitFileSystemProvider][readFile] File not found - git:/teamspace/studios/this_studio/data/psychometric_tests/political/format_secs_csv.py.git?%7B%22path%22%3A%22%2Fteamspace%2Fstudios%2Fthis_studio%2Fdata%2Fpsychometric_tests%2Fpolitical%2Fformat_secs_csv.py%22%2C%22ref%22%3A%22%22%7D
2025-03-09 17:12:20.344 [info] > git ls-files --stage -- data/psychometric_tests/political/format_secs_csv.py [6ms]
2025-03-09 17:12:20.345 [warning] [GitFileSystemProvider][stat] File not found - git:/teamspace/studios/this_studio/data/psychometric_tests/political/format_secs_csv.py.git?%7B%22path%22%3A%22%2Fteamspace%2Fstudios%2Fthis_studio%2Fdata%2Fpsychometric_tests%2Fpolitical%2Fformat_secs_csv.py%22%2C%22ref%22%3A%22%22%7D
2025-03-09 17:12:27.666 [info] > git check-ignore -v -z --stdin [19ms]
2025-03-09 17:12:34.093 [info] > git check-ignore -v -z --stdin [24ms]
2025-03-09 17:12:34.120 [info] > git show --textconv :data/psychometric_tests/political/format_pol_csv.py [6ms]
2025-03-09 17:12:34.121 [warning] [GitFileSystemProvider][readFile] File not found - git:/teamspace/studios/this_studio/data/psychometric_tests/political/format_pol_csv.py.git?%7B%22path%22%3A%22%2Fteamspace%2Fstudios%2Fthis_studio%2Fdata%2Fpsychometric_tests%2Fpolitical%2Fformat_pol_csv.py%22%2C%22ref%22%3A%22%22%7D
2025-03-09 17:12:34.123 [info] > git ls-files --stage -- data/psychometric_tests/political/format_pol_csv.py [7ms]
2025-03-09 17:12:34.123 [warning] [GitFileSystemProvider][stat] File not found - git:/teamspace/studios/this_studio/data/psychometric_tests/political/format_pol_csv.py.git?%7B%22path%22%3A%22%2Fteamspace%2Fstudios%2Fthis_studio%2Fdata%2Fpsychometric_tests%2Fpolitical%2Fformat_pol_csv.py%22%2C%22ref%22%3A%22%22%7D
2025-03-09 17:12:41.165 [info] > git show --textconv :data/psychometric_tests/moral/format_moral_csv.py [14ms]
2025-03-09 17:12:41.167 [warning] [GitFileSystemProvider][readFile] File not found - git:/teamspace/studios/this_studio/data/psychometric_tests/moral/format_moral_csv.py.git?%7B%22path%22%3A%22%2Fteamspace%2Fstudios%2Fthis_studio%2Fdata%2Fpsychometric_tests%2Fmoral%2Fformat_moral_csv.py%22%2C%22ref%22%3A%22%22%7D
2025-03-09 17:12:41.167 [info] > git ls-files --stage -- data/psychometric_tests/moral/format_moral_csv.py [10ms]
2025-03-09 17:12:41.168 [warning] [GitFileSystemProvider][stat] File not found - git:/teamspace/studios/this_studio/data/psychometric_tests/moral/format_moral_csv.py.git?%7B%22path%22%3A%22%2Fteamspace%2Fstudios%2Fthis_studio%2Fdata%2Fpsychometric_tests%2Fmoral%2Fformat_moral_csv.py%22%2C%22ref%22%3A%22%22%7D
2025-03-09 17:12:41.183 [info] > git check-ignore -v -z --stdin [22ms]
2025-03-09 17:16:07.704 [info] > git check-ignore -v -z --stdin [6ms]
2025-03-09 17:16:07.728 [info] > git show --textconv :data/psychometric_tests/moral/copy_paste.txt [4ms]
2025-03-09 17:16:07.728 [warning] [GitFileSystemProvider][readFile] File not found - git:/teamspace/studios/this_studio/data/psychometric_tests/moral/copy_paste.txt.git?%7B%22path%22%3A%22%2Fteamspace%2Fstudios%2Fthis_studio%2Fdata%2Fpsychometric_tests%2Fmoral%2Fcopy_paste.txt%22%2C%22ref%22%3A%22%22%7D
2025-03-09 17:16:07.730 [info] > git ls-files --stage -- data/psychometric_tests/moral/copy_paste.txt [4ms]
2025-03-09 17:16:07.730 [warning] [GitFileSystemProvider][stat] File not found - git:/teamspace/studios/this_studio/data/psychometric_tests/moral/copy_paste.txt.git?%7B%22path%22%3A%22%2Fteamspace%2Fstudios%2Fthis_studio%2Fdata%2Fpsychometric_tests%2Fmoral%2Fcopy_paste.txt%22%2C%22ref%22%3A%22%22%7D
2025-03-09 17:16:15.001 [info] > git blame --root --incremental 73124b15dc9066cdfcbf5290803fff0a7c969afe -- data/psychometric_tests/moral/copy_paste.txt [3ms]
2025-03-09 17:16:15.002 [info] fatal: no such path data/psychometric_tests/moral/copy_paste.txt in 73124b15dc9066cdfcbf5290803fff0a7c969afe
2025-03-09 17:19:45.090 [info] > git show --textconv :scripts/database_management/trait_structure_management/create_trait_csv.py [5ms]
2025-03-09 17:19:45.091 [warning] [GitFileSystemProvider][readFile] File not found - git:/teamspace/studios/this_studio/scripts/database_management/trait_structure_management/create_trait_csv.py.git?%7B%22path%22%3A%22%2Fteamspace%2Fstudios%2Fthis_studio%2Fscripts%2Fdatabase_management%2Ftrait_structure_management%2Fcreate_trait_csv.py%22%2C%22ref%22%3A%22%22%7D
2025-03-09 17:19:45.092 [info] > git ls-files --stage -- scripts/database_management/trait_structure_management/create_trait_csv.py [4ms]
2025-03-09 17:19:45.092 [warning] [GitFileSystemProvider][stat] File not found - git:/teamspace/studios/this_studio/scripts/database_management/trait_structure_management/create_trait_csv.py.git?%7B%22path%22%3A%22%2Fteamspace%2Fstudios%2Fthis_studio%2Fscripts%2Fdatabase_management%2Ftrait_structure_management%2Fcreate_trait_csv.py%22%2C%22ref%22%3A%22%22%7D
2025-03-09 17:21:23.929 [info] > git check-ignore -v -z --stdin [6ms]
2025-03-09 17:21:26.571 [info] > git show --textconv :scripts/database_management/trait_structure_management/all_traits.csv [7ms]
2025-03-09 17:21:26.572 [warning] [GitFileSystemProvider][readFile] File not found - git:/teamspace/studios/this_studio/scripts/database_management/trait_structure_management/all_traits.csv.git?%7B%22path%22%3A%22%2Fteamspace%2Fstudios%2Fthis_studio%2Fscripts%2Fdatabase_management%2Ftrait_structure_management%2Fall_traits.csv%22%2C%22ref%22%3A%22%22%7D
2025-03-09 17:21:26.572 [info] > git ls-files --stage -- scripts/database_management/trait_structure_management/all_traits.csv [5ms]
2025-03-09 17:21:26.572 [warning] [GitFileSystemProvider][stat] File not found - git:/teamspace/studios/this_studio/scripts/database_management/trait_structure_management/all_traits.csv.git?%7B%22path%22%3A%22%2Fteamspace%2Fstudios%2Fthis_studio%2Fscripts%2Fdatabase_management%2Ftrait_structure_management%2Fall_traits.csv%22%2C%22ref%22%3A%22%22%7D
2025-03-09 17:21:41.366 [info] > git show --textconv :scripts/database_management/trait_structure_management/create_trait_csv.py [4ms]
2025-03-09 17:21:41.367 [warning] [GitFileSystemProvider][readFile] File not found - git:/teamspace/studios/this_studio/scripts/database_management/trait_structure_management/create_trait_csv.py.git?%7B%22path%22%3A%22%2Fteamspace%2Fstudios%2Fthis_studio%2Fscripts%2Fdatabase_management%2Ftrait_structure_management%2Fcreate_trait_csv.py%22%2C%22ref%22%3A%22%22%7D
2025-03-09 17:21:41.368 [info] > git ls-files --stage -- scripts/database_management/trait_structure_management/create_trait_csv.py [4ms]
2025-03-09 17:21:41.369 [warning] [GitFileSystemProvider][stat] File not found - git:/teamspace/studios/this_studio/scripts/database_management/trait_structure_management/create_trait_csv.py.git?%7B%22path%22%3A%22%2Fteamspace%2Fstudios%2Fthis_studio%2Fscripts%2Fdatabase_management%2Ftrait_structure_management%2Fcreate_trait_csv.py%22%2C%22ref%22%3A%22%22%7D
2025-03-09 17:21:41.751 [info] > git show --textconv :scripts/database_management/trait_structure_management/personality_traits.csv [3ms]
2025-03-09 17:21:41.751 [warning] [GitFileSystemProvider][readFile] File not found - git:/teamspace/studios/this_studio/scripts/database_management/trait_structure_management/personality_traits.csv.git?%7B%22path%22%3A%22%2Fteamspace%2Fstudios%2Fthis_studio%2Fscripts%2Fdatabase_management%2Ftrait_structure_management%2Fpersonality_traits.csv%22%2C%22ref%22%3A%22%22%7D
2025-03-09 17:21:41.753 [info] > git ls-files --stage -- scripts/database_management/trait_structure_management/personality_traits.csv [4ms]
2025-03-09 17:21:41.753 [warning] [GitFileSystemProvider][stat] File not found - git:/teamspace/studios/this_studio/scripts/database_management/trait_structure_management/personality_traits.csv.git?%7B%22path%22%3A%22%2Fteamspace%2Fstudios%2Fthis_studio%2Fscripts%2Fdatabase_management%2Ftrait_structure_management%2Fpersonality_traits.csv%22%2C%22ref%22%3A%22%22%7D
2025-03-09 17:21:42.400 [info] > git show --textconv :scripts/database_management/trait_structure_management/create_trait_csv.py [6ms]
2025-03-09 17:21:42.401 [warning] [GitFileSystemProvider][readFile] File not found - git:/teamspace/studios/this_studio/scripts/database_management/trait_structure_management/create_trait_csv.py.git?%7B%22path%22%3A%22%2Fteamspace%2Fstudios%2Fthis_studio%2Fscripts%2Fdatabase_management%2Ftrait_structure_management%2Fcreate_trait_csv.py%22%2C%22ref%22%3A%22%22%7D
2025-03-09 17:21:42.402 [info] > git ls-files --stage -- scripts/database_management/trait_structure_management/create_trait_csv.py [6ms]
2025-03-09 17:21:42.403 [warning] [GitFileSystemProvider][stat] File not found - git:/teamspace/studios/this_studio/scripts/database_management/trait_structure_management/create_trait_csv.py.git?%7B%22path%22%3A%22%2Fteamspace%2Fstudios%2Fthis_studio%2Fscripts%2Fdatabase_management%2Ftrait_structure_management%2Fcreate_trait_csv.py%22%2C%22ref%22%3A%22%22%7D
2025-03-09 17:24:38.189 [info] > git show --textconv :scripts/database_management/trait_structure_management/trait_master_db.csv [5ms]
2025-03-09 17:24:38.190 [warning] [GitFileSystemProvider][readFile] File not found - git:/teamspace/studios/this_studio/scripts/database_management/trait_structure_management/trait_master_db.csv.git?%7B%22path%22%3A%22%2Fteamspace%2Fstudios%2Fthis_studio%2Fscripts%2Fdatabase_management%2Ftrait_structure_management%2Ftrait_master_db.csv%22%2C%22ref%22%3A%22%22%7D
2025-03-09 17:24:38.190 [info] > git ls-files --stage -- scripts/database_management/trait_structure_management/trait_master_db.csv [4ms]
2025-03-09 17:24:38.190 [warning] [GitFileSystemProvider][stat] File not found - git:/teamspace/studios/this_studio/scripts/database_management/trait_structure_management/trait_master_db.csv.git?%7B%22path%22%3A%22%2Fteamspace%2Fstudios%2Fthis_studio%2Fscripts%2Fdatabase_management%2Ftrait_structure_management%2Ftrait_master_db.csv%22%2C%22ref%22%3A%22%22%7D
2025-03-09 17:24:39.882 [info] > git show --textconv :scripts/database_management/trait_structure_management/personality_traits.csv [4ms]
2025-03-09 17:24:39.884 [warning] [GitFileSystemProvider][readFile] File not found - git:/teamspace/studios/this_studio/scripts/database_management/trait_structure_management/personality_traits.csv.git?%7B%22path%22%3A%22%2Fteamspace%2Fstudios%2Fthis_studio%2Fscripts%2Fdatabase_management%2Ftrait_structure_management%2Fpersonality_traits.csv%22%2C%22ref%22%3A%22%22%7D
2025-03-09 17:24:39.885 [info] > git ls-files --stage -- scripts/database_management/trait_structure_management/personality_traits.csv [4ms]
2025-03-09 17:24:39.885 [warning] [GitFileSystemProvider][stat] File not found - git:/teamspace/studios/this_studio/scripts/database_management/trait_structure_management/personality_traits.csv.git?%7B%22path%22%3A%22%2Fteamspace%2Fstudios%2Fthis_studio%2Fscripts%2Fdatabase_management%2Ftrait_structure_management%2Fpersonality_traits.csv%22%2C%22ref%22%3A%22%22%7D
2025-03-09 17:24:40.407 [info] > git show --textconv :scripts/database_management/trait_structure_management/trait_master_db.csv [7ms]
2025-03-09 17:24:40.407 [info] > git ls-files --stage -- scripts/database_management/trait_structure_management/trait_master_db.csv [3ms]
2025-03-09 17:24:40.407 [warning] [GitFileSystemProvider][stat] File not found - git:/teamspace/studios/this_studio/scripts/database_management/trait_structure_management/trait_master_db.csv.git?%7B%22path%22%3A%22%2Fteamspace%2Fstudios%2Fthis_studio%2Fscripts%2Fdatabase_management%2Ftrait_structure_management%2Ftrait_master_db.csv%22%2C%22ref%22%3A%22%22%7D
2025-03-09 17:24:40.408 [warning] [GitFileSystemProvider][readFile] File not found - git:/teamspace/studios/this_studio/scripts/database_management/trait_structure_management/trait_master_db.csv.git?%7B%22path%22%3A%22%2Fteamspace%2Fstudios%2Fthis_studio%2Fscripts%2Fdatabase_management%2Ftrait_structure_management%2Ftrait_master_db.csv%22%2C%22ref%22%3A%22%22%7D
2025-03-09 17:24:41.471 [info] > git show --textconv :scripts/database_management/trait_structure_management/create_trait_csv.py [7ms]
2025-03-09 17:24:41.473 [warning] [GitFileSystemProvider][readFile] File not found - git:/teamspace/studios/this_studio/scripts/database_management/trait_structure_management/create_trait_csv.py.git?%7B%22path%22%3A%22%2Fteamspace%2Fstudios%2Fthis_studio%2Fscripts%2Fdatabase_management%2Ftrait_structure_management%2Fcreate_trait_csv.py%22%2C%22ref%22%3A%22%22%7D
2025-03-09 17:24:41.475 [info] > git ls-files --stage -- scripts/database_management/trait_structure_management/create_trait_csv.py [4ms]
2025-03-09 17:24:41.475 [warning] [GitFileSystemProvider][stat] File not found - git:/teamspace/studios/this_studio/scripts/database_management/trait_structure_management/create_trait_csv.py.git?%7B%22path%22%3A%22%2Fteamspace%2Fstudios%2Fthis_studio%2Fscripts%2Fdatabase_management%2Ftrait_structure_management%2Fcreate_trait_csv.py%22%2C%22ref%22%3A%22%22%7D
2025-03-09 17:24:45.570 [info] > git show --textconv :scripts/database_management/trait_structure_management/trait_master_db.csv [6ms]
2025-03-09 17:24:45.571 [warning] [GitFileSystemProvider][readFile] File not found - git:/teamspace/studios/this_studio/scripts/database_management/trait_structure_management/trait_master_db.csv.git?%7B%22path%22%3A%22%2Fteamspace%2Fstudios%2Fthis_studio%2Fscripts%2Fdatabase_management%2Ftrait_structure_management%2Ftrait_master_db.csv%22%2C%22ref%22%3A%22%22%7D
2025-03-09 17:24:45.571 [info] > git ls-files --stage -- scripts/database_management/trait_structure_management/trait_master_db.csv [5ms]
2025-03-09 17:24:45.572 [warning] [GitFileSystemProvider][stat] File not found - git:/teamspace/studios/this_studio/scripts/database_management/trait_structure_management/trait_master_db.csv.git?%7B%22path%22%3A%22%2Fteamspace%2Fstudios%2Fthis_studio%2Fscripts%2Fdatabase_management%2Ftrait_structure_management%2Ftrait_master_db.csv%22%2C%22ref%22%3A%22%22%7D
2025-03-09 17:26:27.082 [info] > git show --textconv :scripts/database_management/trait_structure_management/create_trait_csv.py [5ms]
2025-03-09 17:26:27.084 [warning] [GitFileSystemProvider][readFile] File not found - git:/teamspace/studios/this_studio/scripts/database_management/trait_structure_management/create_trait_csv.py.git?%7B%22path%22%3A%22%2Fteamspace%2Fstudios%2Fthis_studio%2Fscripts%2Fdatabase_management%2Ftrait_structure_management%2Fcreate_trait_csv.py%22%2C%22ref%22%3A%22%22%7D
2025-03-09 17:26:27.085 [info] > git ls-files --stage -- scripts/database_management/trait_structure_management/create_trait_csv.py [6ms]
2025-03-09 17:26:27.086 [warning] [GitFileSystemProvider][stat] File not found - git:/teamspace/studios/this_studio/scripts/database_management/trait_structure_management/create_trait_csv.py.git?%7B%22path%22%3A%22%2Fteamspace%2Fstudios%2Fthis_studio%2Fscripts%2Fdatabase_management%2Ftrait_structure_management%2Fcreate_trait_csv.py%22%2C%22ref%22%3A%22%22%7D
2025-03-09 17:30:31.566 [info] > git show --textconv :scripts/database_management/trait_structure_management/trait_master_db.csv [12ms]
2025-03-09 17:30:31.567 [warning] [GitFileSystemProvider][readFile] File not found - git:/teamspace/studios/this_studio/scripts/database_management/trait_structure_management/trait_master_db.csv.git?%7B%22path%22%3A%22%2Fteamspace%2Fstudios%2Fthis_studio%2Fscripts%2Fdatabase_management%2Ftrait_structure_management%2Ftrait_master_db.csv%22%2C%22ref%22%3A%22%22%7D
2025-03-09 17:30:31.567 [info] > git ls-files --stage -- scripts/database_management/trait_structure_management/trait_master_db.csv [10ms]
2025-03-09 17:30:31.568 [warning] [GitFileSystemProvider][stat] File not found - git:/teamspace/studios/this_studio/scripts/database_management/trait_structure_management/trait_master_db.csv.git?%7B%22path%22%3A%22%2Fteamspace%2Fstudios%2Fthis_studio%2Fscripts%2Fdatabase_management%2Ftrait_structure_management%2Ftrait_master_db.csv%22%2C%22ref%22%3A%22%22%7D
2025-03-09 17:31:25.441 [info] > git show --textconv :scripts/database_management/populate_traits.py [4ms]
2025-03-09 17:31:25.442 [warning] [GitFileSystemProvider][readFile] File not found - git:/teamspace/studios/this_studio/scripts/database_management/populate_traits.py.git?%7B%22path%22%3A%22%2Fteamspace%2Fstudios%2Fthis_studio%2Fscripts%2Fdatabase_management%2Fpopulate_traits.py%22%2C%22ref%22%3A%22%22%7D
2025-03-09 17:31:25.443 [info] > git ls-files --stage -- scripts/database_management/populate_traits.py [4ms]
2025-03-09 17:31:25.444 [warning] [GitFileSystemProvider][stat] File not found - git:/teamspace/studios/this_studio/scripts/database_management/populate_traits.py.git?%7B%22path%22%3A%22%2Fteamspace%2Fstudios%2Fthis_studio%2Fscripts%2Fdatabase_management%2Fpopulate_traits.py%22%2C%22ref%22%3A%22%22%7D
2025-03-09 17:31:38.990 [info] > git blame --root --incremental 73124b15dc9066cdfcbf5290803fff0a7c969afe -- scripts/database_management/populate_traits.py [5ms]
2025-03-09 17:31:38.991 [info] fatal: no such path scripts/database_management/populate_traits.py in 73124b15dc9066cdfcbf5290803fff0a7c969afe
2025-03-09 17:32:00.671 [info] > git show --textconv :scripts/database_management/create_schema.py [4ms]
2025-03-09 17:32:00.673 [warning] [GitFileSystemProvider][readFile] File not found - git:/teamspace/studios/this_studio/scripts/database_management/create_schema.py.git?%7B%22path%22%3A%22%2Fteamspace%2Fstudios%2Fthis_studio%2Fscripts%2Fdatabase_management%2Fcreate_schema.py%22%2C%22ref%22%3A%22%22%7D
2025-03-09 17:32:00.674 [info] > git ls-files --stage -- scripts/database_management/create_schema.py [5ms]
2025-03-09 17:32:00.674 [warning] [GitFileSystemProvider][stat] File not found - git:/teamspace/studios/this_studio/scripts/database_management/create_schema.py.git?%7B%22path%22%3A%22%2Fteamspace%2Fstudios%2Fthis_studio%2Fscripts%2Fdatabase_management%2Fcreate_schema.py%22%2C%22ref%22%3A%22%22%7D
2025-03-09 17:32:05.273 [info] > git show --textconv :scripts/database_management/populate_traits.py [6ms]
2025-03-09 17:32:05.274 [warning] [GitFileSystemProvider][readFile] File not found - git:/teamspace/studios/this_studio/scripts/database_management/populate_traits.py.git?%7B%22path%22%3A%22%2Fteamspace%2Fstudios%2Fthis_studio%2Fscripts%2Fdatabase_management%2Fpopulate_traits.py%22%2C%22ref%22%3A%22%22%7D
2025-03-09 17:32:05.274 [info] > git ls-files --stage -- scripts/database_management/populate_traits.py [1ms]
2025-03-09 17:32:05.274 [warning] [GitFileSystemProvider][stat] File not found - git:/teamspace/studios/this_studio/scripts/database_management/populate_traits.py.git?%7B%22path%22%3A%22%2Fteamspace%2Fstudios%2Fthis_studio%2Fscripts%2Fdatabase_management%2Fpopulate_traits.py%22%2C%22ref%22%3A%22%22%7D
2025-03-09 17:39:43.672 [info] > git show --textconv :scripts/database_management/trait_structure_management/verify_traits.py [31ms]
2025-03-09 17:39:43.673 [warning] [GitFileSystemProvider][readFile] File not found - git:/teamspace/studios/this_studio/scripts/database_management/trait_structure_management/verify_traits.py.git?%7B%22path%22%3A%22%2Fteamspace%2Fstudios%2Fthis_studio%2Fscripts%2Fdatabase_management%2Ftrait_structure_management%2Fverify_traits.py%22%2C%22ref%22%3A%22%22%7D
2025-03-09 17:39:43.675 [info] > git ls-files --stage -- scripts/database_management/trait_structure_management/verify_traits.py [6ms]
2025-03-09 17:39:43.676 [warning] [GitFileSystemProvider][stat] File not found - git:/teamspace/studios/this_studio/scripts/database_management/trait_structure_management/verify_traits.py.git?%7B%22path%22%3A%22%2Fteamspace%2Fstudios%2Fthis_studio%2Fscripts%2Fdatabase_management%2Ftrait_structure_management%2Fverify_traits.py%22%2C%22ref%22%3A%22%22%7D
2025-03-09 17:39:43.691 [info] > git check-ignore -v -z --stdin [20ms]
2025-03-09 17:39:46.628 [info] > git blame --root --incremental 73124b15dc9066cdfcbf5290803fff0a7c969afe -- scripts/database_management/trait_structure_management/verify_traits.py [7ms]
2025-03-09 17:39:46.628 [info] fatal: no such path scripts/database_management/trait_structure_management/verify_traits.py in 73124b15dc9066cdfcbf5290803fff0a7c969afe
2025-03-09 17:40:24.094 [info] > git check-ignore -v -z --stdin [21ms]
2025-03-09 17:40:24.114 [info] > git show --textconv :scripts/database_management/verify_traits.py [10ms]
2025-03-09 17:40:24.114 [warning] [GitFileSystemProvider][readFile] File not found - git:/teamspace/studios/this_studio/scripts/database_management/verify_traits.py.git?%7B%22path%22%3A%22%2Fteamspace%2Fstudios%2Fthis_studio%2Fscripts%2Fdatabase_management%2Fverify_traits.py%22%2C%22ref%22%3A%22%22%7D
2025-03-09 17:40:24.119 [info] > git ls-files --stage -- scripts/database_management/verify_traits.py [8ms]
2025-03-09 17:40:24.120 [warning] [GitFileSystemProvider][stat] File not found - git:/teamspace/studios/this_studio/scripts/database_management/verify_traits.py.git?%7B%22path%22%3A%22%2Fteamspace%2Fstudios%2Fthis_studio%2Fscripts%2Fdatabase_management%2Fverify_traits.py%22%2C%22ref%22%3A%22%22%7D
2025-03-09 17:40:24.290 [info] > git blame --root --incremental 73124b15dc9066cdfcbf5290803fff0a7c969afe -- scripts/database_management/verify_traits.py [9ms]
2025-03-09 17:40:24.290 [info] fatal: no such path scripts/database_management/verify_traits.py in 73124b15dc9066cdfcbf5290803fff0a7c969afe
2025-03-09 17:43:27.111 [info] > git check-ignore -v -z --stdin [18ms]
2025-03-09 17:43:42.137 [info] > git check-ignore -v -z --stdin [8ms]
2025-03-09 17:43:46.082 [info] > git check-ignore -v -z --stdin [18ms]
2025-03-09 17:44:01.895 [info] > git check-ignore -v -z --stdin [7ms]
2025-03-09 17:44:12.475 [info] > git show --textconv :scripts/database_management/verify_traits.py [6ms]
2025-03-09 17:44:12.476 [info] > git ls-files --stage -- scripts/database_management/verify_traits.py [5ms]
2025-03-09 17:44:12.481 [info] > git cat-file -s a6e4dc926f031c3725390543f13c72328b6a8f11 [2ms]
2025-03-09 17:44:16.714 [info] > git ls-files --stage -- .gitignore [5ms]
2025-03-09 17:44:16.719 [info] > git show --textconv :.gitignore [12ms]
2025-03-09 17:44:16.721 [info] > git cat-file -s d3ce06429a35f25300a245c5a0d44cf224354450 [5ms]
2025-03-09 17:44:27.661 [info] > git check-ignore -v -z --stdin [16ms]
2025-03-09 17:44:32.181 [info] > git check-ignore -v -z --stdin [14ms]
