2025-03-09 15:19:13.754 [info] [Info  - 3:19:13 PM] (3083) Server root directory: file:///teamspace/studios/this_studio/.vscode-server/extensions/ms-python.vscode-pylance-2025.3.1/dist
2025-03-09 15:19:13.784 [info] [Info  - 3:19:13 PM] (3083) Pylance language server 2025.3.1 (pyright version 1.1.396, commit 3e2236a7) starting
2025-03-09 15:19:13.785 [info] [Info  - 3:19:13 PM] (3083) Starting service instance "this_studio"
2025-03-09 15:19:13.841 [info] [Info  - 3:19:13 PM] (3083) Setting environmentName for service "this_studio": "3.10.10 (cloudspace conda)"
2025-03-09 15:19:13.842 [info] [Info  - 3:19:13 PM] (3083) Setting pythonPath for service "this_studio": "/home/zeus/miniconda3/envs/cloudspace/bin/python"
2025-03-09 15:19:13.842 [info] [Info  - 3:19:13 PM] (3083) No include entries specified; assuming /teamspace/studios/this_studio
2025-03-09 15:19:13.843 [info] [Info  - 3:19:13 PM] (3083) Auto-excluding **/node_modules
2025-03-09 15:19:13.843 [info] [Info  - 3:19:13 PM] (3083) Auto-excluding **/__pycache__
2025-03-09 15:19:13.843 [info] [Info  - 3:19:13 PM] (3083) Auto-excluding **/.*
2025-03-09 15:19:13.864 [info] [Info  - 3:19:13 PM] (3083) Assuming Python version 3.10.10.final.0
2025-03-09 15:19:13.925 [info] (Client) Pylance async client (2025.3.1) started with python extension (2025.2.0)
2025-03-09 15:19:14.337 [info] [Info  - 3:19:14 PM] (3083) Found 18 source files
2025-03-09 15:19:14.513 [info] [Info  - 3:19:14 PM] (3083) Background analysis(1) root directory: file:///teamspace/studios/this_studio/.vscode-server/extensions/ms-python.vscode-pylance-2025.3.1/dist
2025-03-09 15:19:14.513 [info] [Info  - 3:19:14 PM] (3083) Background analysis(1) started
2025-03-09 15:19:15.303 [info] [Info  - 3:19:15 PM] (3083) Indexer background runner(2) root directory: file:///teamspace/studios/this_studio/.vscode-server/extensions/ms-python.vscode-pylance-2025.3.1/dist (index)
2025-03-09 15:19:15.303 [info] [Info  - 3:19:15 PM] (3083) Indexing(2) started
2025-03-09 15:19:18.553 [info] [Info  - 3:19:18 PM] (3083) [IDX(2)] Long operation: scan packages file:///teamspace/studios/this_studio (3064ms)
2025-03-09 15:19:18.554 [info] [Info  - 3:19:18 PM] (3083) scanned(2) 382 files over 1 exec env
2025-03-09 15:19:18.964 [info] [Info  - 3:19:18 PM] (3083) Starting service instance "this_studio"
2025-03-09 15:19:19.133 [info] [Info  - 3:19:19 PM] (3083) Setting environmentName for service "this_studio": "3.10.10 (cloudspace conda)"
2025-03-09 15:19:19.134 [info] [Info  - 3:19:19 PM] (3083) Setting pythonPath for service "this_studio": "/teamspace/studios/this_studio"
2025-03-09 15:19:19.134 [info] [Info  - 3:19:19 PM] (3083) No include entries specified; assuming /teamspace/studios/this_studio
2025-03-09 15:19:19.134 [info] [Info  - 3:19:19 PM] (3083) Auto-excluding **/node_modules
2025-03-09 15:19:19.134 [info] [Info  - 3:19:19 PM] (3083) Auto-excluding **/__pycache__
2025-03-09 15:19:19.134 [info] [Info  - 3:19:19 PM] (3083) Auto-excluding **/.*
2025-03-09 15:19:19.642 [info] [Info  - 3:19:19 PM] (3083) Found 18 source files
2025-03-09 15:19:19.738 [info] [Info  - 3:19:19 PM] (3083) Background analysis(3) root directory: file:///teamspace/studios/this_studio/.vscode-server/extensions/ms-python.vscode-pylance-2025.3.1/dist
2025-03-09 15:19:19.738 [info] [Info  - 3:19:19 PM] (3083) Background analysis(3) started
2025-03-09 15:19:21.333 [info] [Info  - 3:19:21 PM] (3083) [BG(1)] Long operation: checking: file:///teamspace/studios/this_studio/scripts/personality_ui.py (5602ms)
2025-03-09 15:19:21.334 [info] [Info  - 3:19:21 PM] (3083) [BG(1)] Long operation: analyzing: file:///teamspace/studios/this_studio/scripts/personality_ui.py (6506ms)
2025-03-09 15:19:22.515 [info] [Info  - 3:19:22 PM] (3083) [BG(3)] Long operation: analyzing: file:///teamspace/studios/this_studio/scripts/personality_ui.py (2273ms)
2025-03-09 15:19:25.008 [info] [Info  - 3:19:25 PM] (3083) [BG(3)] Long operation: checking: file:///teamspace/studios/this_studio/scripts/melbo-dct-post/demo/demo.ipynb.py#Y112sdnNjb2RlLXJlbW90ZQ%3D%3D (2142ms)
2025-03-09 15:19:25.008 [info] [Info  - 3:19:25 PM] (3083) [BG(3)] Long operation: analyzing: file:///teamspace/studios/this_studio/scripts/melbo-dct-post/demo/demo.ipynb.py#Y112sdnNjb2RlLXJlbW90ZQ%3D%3D (2142ms)
2025-03-09 15:19:26.930 [info] [Info  - 3:19:26 PM] (3083) [BG(3)] Long operation: analyzing: file:///teamspace/studios/this_studio/scripts/melbo-dct-post/demo/demo.ipynb.py#pylancePrefixCell (4090ms)
2025-03-09 15:19:28.450 [info] [Info  - 3:19:28 PM] (3083) [IDX(2)] Long operation: index packages file:///teamspace/studios/this_studio (9539ms)
2025-03-09 15:19:28.451 [info] [Info  - 3:19:28 PM] (3083) indexed(2) 382 files over 1 exec env
2025-03-09 15:19:29.024 [info] [Info  - 3:19:29 PM] (3083) scanned(2) 1 files over 1 exec env
2025-03-09 15:19:29.269 [info] [Info  - 3:19:29 PM] (3083) indexed(2) 1 files over 1 exec env
2025-03-09 15:19:29.277 [info] [Info  - 3:19:29 PM] (3083) Indexing finished(2).
2025-03-09 15:19:42.600 [info] [Info  - 3:19:42 PM] (3083) Found 18 source files
2025-03-09 15:19:42.689 [info] [Info  - 3:19:42 PM] (3083) Found 54 source files
2025-03-09 15:19:43.119 [info] [Info  - 3:19:43 PM] (3083) Found 18 source files
2025-03-09 15:19:43.199 [info] [Info  - 3:19:43 PM] (3083) Found 54 source files
2025-03-09 15:19:43.631 [info] [Info  - 3:19:43 PM] (3083) Found 18 source files
2025-03-09 15:19:43.739 [info] [Info  - 3:19:43 PM] (3083) Found 54 source files
2025-03-09 15:19:44.125 [info] [Info  - 3:19:44 PM] (3083) Found 18 source files
2025-03-09 15:19:44.342 [info] [Info  - 3:19:44 PM] (3083) Found 54 source files
2025-03-09 15:19:46.614 [info] [Info  - 3:19:46 PM] (3083) Found 18 source files
2025-03-09 15:19:47.059 [info] [Info  - 3:19:47 PM] (3083) Found 54 source files
2025-03-09 15:19:48.907 [info] [Info  - 3:19:48 PM] (3083) [BG(1)] Long operation: analyzing: file:///teamspace/studios/this_studio/scripts/personality_ui.py (2060ms)
2025-03-09 15:19:49.110 [info] [Info  - 3:19:49 PM] (3083) Found 54 source files
2025-03-09 15:19:50.717 [info] [Info  - 3:19:50 PM] (3083) Found 54 source files
2025-03-09 15:19:51.068 [info] [Info  - 3:19:51 PM] (3083) Found 18 source files
2025-03-09 15:19:51.105 [info] [Info  - 3:19:51 PM] (3083) Found 54 source files
2025-03-09 15:19:55.047 [info] [Info  - 3:19:55 PM] (3083) Found 18 source files
2025-03-09 15:19:55.110 [info] [Info  - 3:19:55 PM] (3083) Found 54 source files
2025-03-09 15:19:57.445 [info] [Info  - 3:19:57 PM] (3083) Found 54 source files
2025-03-09 15:20:29.836 [info] [Info  - 3:20:29 PM] (3083) Found 18 source files
2025-03-09 15:20:29.925 [info] [Info  - 3:20:29 PM] (3083) Found 54 source files
2025-03-09 15:20:37.796 [info] [Info  - 3:20:37 PM] (3083) Found 18 source files
2025-03-09 15:20:37.821 [info] [Info  - 3:20:37 PM] (3083) Found 54 source files
2025-03-09 15:21:22.536 [info] [Info  - 3:21:22 PM] (3083) Found 54 source files
2025-03-09 15:21:23.584 [info] [Info  - 3:21:23 PM] (3083) Found 54 source files
2025-03-09 15:21:23.689 [info] [Info  - 3:21:23 PM] (3083) Found 18 source files
2025-03-09 15:21:26.634 [info] [Info  - 3:21:26 PM] (3083) Found 18 source files
2025-03-09 15:21:26.685 [info] [Info  - 3:21:26 PM] (3083) Found 54 source files
2025-03-09 15:21:27.777 [info] [Info  - 3:21:27 PM] (3083) [BG(1)] Long operation: SemanticTokens full at file:///teamspace/studios/this_studio/scripts/main_demo_ipip_mod.py (3829ms)
2025-03-09 15:21:31.052 [info] [Info  - 3:21:31 PM] (3083) [BG(1)] Long operation: checking: file:///teamspace/studios/this_studio/scripts/main_demo_ipip_mod.py (2769ms)
2025-03-09 15:21:31.053 [info] [Info  - 3:21:31 PM] (3083) [BG(1)] Long operation: analyzing: file:///teamspace/studios/this_studio/scripts/main_demo_ipip_mod.py (3019ms)
2025-03-09 16:18:48.575 [info] [Info  - 4:18:48 PM] (3083) Found 55 source files
2025-03-09 16:18:48.896 [info] [Info  - 4:18:48 PM] (3083) Found 19 source files
2025-03-09 16:18:51.849 [info] [Info  - 4:18:51 PM] (3083) [BG(1)] Long operation: checking: file:///teamspace/studios/this_studio/scripts/dct.py (2607ms)
2025-03-09 16:18:51.849 [info] [Info  - 4:18:51 PM] (3083) [BG(1)] Long operation: analyzing: file:///teamspace/studios/this_studio/scripts/dct.py (2829ms)
2025-03-09 16:25:18.520 [info] [Info  - 4:25:18 PM] (3083) Found 56 source files
2025-03-09 16:25:18.765 [info] [Info  - 4:25:18 PM] (3083) Found 20 source files
2025-03-09 16:25:21.934 [info] [Info  - 4:25:21 PM] (3083) [BG(1)] Long operation: checking: file:///teamspace/studios/this_studio/scripts/dct.py (2832ms)
2025-03-09 16:25:21.934 [info] [Info  - 4:25:21 PM] (3083) [BG(1)] Long operation: analyzing: file:///teamspace/studios/this_studio/scripts/dct.py (3088ms)
2025-03-09 16:41:08.122 [info] [Info  - 4:41:08 PM] (3083) Found 57 source files
2025-03-09 16:41:08.337 [info] [Info  - 4:41:08 PM] (3083) Found 21 source files
2025-03-09 16:43:15.622 [info] [Info  - 4:43:15 PM] (3083) Found 22 source files
2025-03-09 16:43:15.639 [info] [Info  - 4:43:15 PM] (3083) Found 58 source files
2025-03-09 16:43:18.429 [info] [Info  - 4:43:18 PM] (3083) [BG(1)] Long operation: checking: file:///teamspace/studios/this_studio/scripts/dct.py (2279ms)
2025-03-09 16:43:18.430 [info] [Info  - 4:43:18 PM] (3083) [BG(1)] Long operation: analyzing: file:///teamspace/studios/this_studio/scripts/dct.py (2279ms)
2025-03-09 16:46:28.613 [info] [Info  - 4:46:28 PM] (3083) Found 59 source files
2025-03-09 16:46:28.978 [info] [Info  - 4:46:28 PM] (3083) Found 23 source files
2025-03-09 16:46:32.182 [info] [Info  - 4:46:32 PM] (3083) [BG(1)] Long operation: checking: file:///teamspace/studios/this_studio/scripts/dct.py (2883ms)
2025-03-09 16:46:32.183 [info] [Info  - 4:46:32 PM] (3083) [BG(1)] Long operation: analyzing: file:///teamspace/studios/this_studio/scripts/dct.py (3141ms)
2025-03-09 17:03:40.873 [info] [Info  - 5:03:40 PM] (3083) Found 24 source files
2025-03-09 17:03:40.898 [info] [Info  - 5:03:40 PM] (3083) Found 60 source files
2025-03-09 17:03:43.652 [info] [Info  - 5:03:43 PM] (3083) [BG(1)] Long operation: checking: file:///teamspace/studios/this_studio/scripts/dct.py (2228ms)
2025-03-09 17:03:43.653 [info] [Info  - 5:03:43 PM] (3083) [BG(1)] Long operation: analyzing: file:///teamspace/studios/this_studio/scripts/dct.py (2228ms)
2025-03-09 17:12:33.911 [info] [Info  - 5:12:33 PM] (3083) Found 60 source files
2025-03-09 17:12:34.070 [info] [Info  - 5:12:34 PM] (3083) Found 24 source files
2025-03-09 17:12:37.491 [info] [Info  - 5:12:37 PM] (3083) [BG(1)] Long operation: checking: file:///teamspace/studios/this_studio/scripts/dct.py (3073ms)
2025-03-09 17:12:37.492 [info] [Info  - 5:12:37 PM] (3083) [BG(1)] Long operation: analyzing: file:///teamspace/studios/this_studio/scripts/dct.py (3370ms)
2025-03-09 17:12:40.903 [info] [Info  - 5:12:40 PM] (3083) Found 61 source files
2025-03-09 17:12:41.162 [info] [Info  - 5:12:41 PM] (3083) Found 25 source files
2025-03-09 17:12:43.542 [info] [Info  - 5:12:43 PM] (3083) [BG(1)] Long operation: checking: file:///teamspace/studios/this_studio/scripts/dct.py (2068ms)
2025-03-09 17:12:43.543 [info] [Info  - 5:12:43 PM] (3083) [BG(1)] Long operation: analyzing: file:///teamspace/studios/this_studio/scripts/dct.py (2345ms)
2025-03-09 17:36:39.631 [info] [Info  - 5:36:39 PM] (3083) Indexer background runner(4) root directory: file:///teamspace/studios/this_studio/.vscode-server/extensions/ms-python.vscode-pylance-2025.3.1/dist (refresh)
2025-03-09 17:36:39.632 [info] [Info  - 5:36:39 PM] (3083) Indexing(4) started
2025-03-09 17:36:40.862 [info] [Info  - 5:36:40 PM] (3083) scanned(4) 405 files over 1 exec env
2025-03-09 17:36:41.939 [info] [Info  - 5:36:41 PM] (3083) indexed(4) 405 files over 1 exec env
2025-03-09 17:36:42.081 [info] [Info  - 5:36:42 PM] (3083) Indexing finished(4).
2025-03-09 17:39:43.335 [info] [Info  - 5:39:43 PM] (3083) Found 62 source files
2025-03-09 17:39:43.724 [info] [Info  - 5:39:43 PM] (3083) Found 26 source files
2025-03-09 17:39:46.167 [info] [Info  - 5:39:46 PM] (3083) [BG(1)] Long operation: checking: file:///teamspace/studios/this_studio/scripts/dct.py (2225ms)
2025-03-09 17:39:46.167 [info] [Info  - 5:39:46 PM] (3083) [BG(1)] Long operation: analyzing: file:///teamspace/studios/this_studio/scripts/dct.py (2403ms)
2025-03-09 17:40:23.816 [info] [Info  - 5:40:23 PM] (3083) Found 62 source files
2025-03-09 17:40:24.241 [info] [Info  - 5:40:24 PM] (3083) Found 26 source files
2025-03-09 17:40:26.714 [info] [Info  - 5:40:26 PM] (3083) [BG(1)] Long operation: checking: file:///teamspace/studios/this_studio/scripts/dct.py (2208ms)
2025-03-09 17:40:26.714 [info] [Info  - 5:40:26 PM] (3083) [BG(1)] Long operation: analyzing: file:///teamspace/studios/this_studio/scripts/dct.py (2410ms)
