2025-03-09 15:19:11.732 [info] Experiment 'pythonRecommendTensorboardExt' is active
2025-03-09 15:19:11.732 [info] Experiment 'pythonTerminalEnvVarActivation' is active
2025-03-09 15:19:11.732 [info] Experiment 'pythonTestAdapter' is active
2025-03-09 15:19:11.732 [warning] Dir "/teamspace/studios/this_studio/.pixi/envs" is not watchable (directory does not exist)
2025-03-09 15:19:11.732 [info] Starting Environment refresh
2025-03-09 15:19:11.733 [info] > hatch env show --json
2025-03-09 15:19:11.733 [info] cwd: .
2025-03-09 15:19:11.733 [info] Python interpreter path: /home/zeus/miniconda3/envs/cloudspace/bin/python
2025-03-09 15:19:11.733 [info] > conda info --json
2025-03-09 15:19:12.462 [info] > /home/zeus/miniconda3/envs/cloudspace/bin/python -I ./.vscode-server/extensions/ms-python.python-2025.2.0-linux-x64/python_files/get_output_via_markers.py ./.vscode-server/extensions/ms-python.python-2025.2.0-linux-x64/python_files/interpreterInfo.py
2025-03-09 15:19:12.462 [info] Environments refresh paths discovered: 1716 milliseconds
2025-03-09 15:19:12.821 [info] Environments refresh finished (event): 2075 milliseconds
2025-03-09 15:19:12.829 [info] Environment refresh took 2084 milliseconds
2025-03-09 15:19:12.832 [info] > pyenv which python
2025-03-09 15:19:12.832 [info] cwd: .
2025-03-09 15:19:13.927 [info] Starting Pylance language server.
2025-03-09 15:19:13.980 [warning] Shell integration may not be active, environment activated may be overridden by the shell.
2025-03-09 15:19:18.894 [info] Starting Environment refresh
2025-03-09 15:19:18.894 [info] Searching for interpreters in posix paths locator
2025-03-09 15:19:18.895 [info] Searching for pyenv environments
2025-03-09 15:19:18.895 [info] Searching for conda environments
2025-03-09 15:19:18.895 [info] Searching for global virtual environments
2025-03-09 15:19:18.895 [info] Searching for custom virtual environments
2025-03-09 15:19:18.898 [info] pyenv is not installed
2025-03-09 15:19:18.898 [info] Finished searching for pyenv environments: 4 milliseconds
2025-03-09 15:19:18.898 [info] Finished searching for custom virtual envs: 3 milliseconds
2025-03-09 15:19:18.902 [info] Finished searching for global virtual envs: 7 milliseconds
2025-03-09 15:19:18.927 [info] Found: /bin/python3 --> /bin/python3.8
2025-03-09 15:19:18.928 [info] Found: /bin/python3.8 --> /bin/python3.8
2025-03-09 15:19:18.957 [info] Found: /usr/bin/python3 --> /usr/bin/python3.8
2025-03-09 15:19:18.957 [info] Found: /usr/bin/python3.8 --> /usr/bin/python3.8
2025-03-09 15:19:18.963 [info] Finished searching for conda environments: 66 milliseconds
2025-03-09 15:19:18.963 [info] > /home/zeus/miniconda3/bin/python -I ./.vscode-server/extensions/ms-python.python-2025.2.0-linux-x64/python_files/get_output_via_markers.py ./.vscode-server/extensions/ms-python.python-2025.2.0-linux-x64/python_files/interpreterInfo.py
2025-03-09 15:19:18.976 [info] Found: /commands/python --> /commands/python3.10
2025-03-09 15:19:18.976 [info] Found: /commands/python3 --> /commands/python3.10
2025-03-09 15:19:18.976 [info] Found: /commands/python3.10 --> /commands/python3.10
2025-03-09 15:19:18.977 [info] Found: /home/zeus/miniconda3/envs/cloudspace/bin/python --> /home/zeus/miniconda3/envs/cloudspace/bin/python3.10
2025-03-09 15:19:18.980 [info] Found: /home/zeus/miniconda3/envs/cloudspace/bin/python3 --> /home/zeus/miniconda3/envs/cloudspace/bin/python3.10
2025-03-09 15:19:18.981 [info] Found: /home/zeus/miniconda3/envs/cloudspace/bin/python3.1 --> /home/zeus/miniconda3/envs/cloudspace/bin/python3.10
2025-03-09 15:19:18.981 [info] Found: /home/zeus/miniconda3/envs/cloudspace/bin/python3.10 --> /home/zeus/miniconda3/envs/cloudspace/bin/python3.10
2025-03-09 15:19:18.998 [info] > /bin/python3 -I ./.vscode-server/extensions/ms-python.python-2025.2.0-linux-x64/python_files/get_output_via_markers.py ./.vscode-server/extensions/ms-python.python-2025.2.0-linux-x64/python_files/interpreterInfo.py
2025-03-09 15:19:19.009 [info] Finished searching for interpreters in posix paths locator: 116 milliseconds
2025-03-09 15:19:19.207 [info] > /usr/bin/python3 -I ./.vscode-server/extensions/ms-python.python-2025.2.0-linux-x64/python_files/get_output_via_markers.py ./.vscode-server/extensions/ms-python.python-2025.2.0-linux-x64/python_files/interpreterInfo.py
2025-03-09 15:19:19.246 [info] Environments refresh paths discovered (event): 353 milliseconds
2025-03-09 15:19:19.246 [info] Environments refresh paths discovered: 353 milliseconds
2025-03-09 15:19:19.261 [info] > /commands/python -I ./.vscode-server/extensions/ms-python.python-2025.2.0-linux-x64/python_files/get_output_via_markers.py ./.vscode-server/extensions/ms-python.python-2025.2.0-linux-x64/python_files/interpreterInfo.py
2025-03-09 15:19:19.479 [info] Environments refresh finished (event): 586 milliseconds
2025-03-09 15:19:19.489 [info] Environment refresh took 597 milliseconds
2025-03-09 15:19:37.970 [info] Discover tests for workspace name: this_studio - uri: /teamspace/studios/this_studio/.vscode-server/extensions/ms-toolsai.jupyter-2025.2.0-linux-x64/pythonFiles/pyproject.toml
2025-03-09 15:19:40.351 [info] Discover tests for workspace name: this_studio - uri: /teamspace/studios/this_studio/.vscode-server/extensions/ms-python.python-2025.2.0-linux-x64/python_files/pyproject.toml
2025-03-09 15:19:41.477 [info] Discover tests for workspace name: this_studio - uri: /teamspace/studios/this_studio/.vscode-server/extensions/ms-toolsai.jupyter-2025.2.0-linux-x64/pythonFiles/.vscode/settings.json
2025-03-09 15:19:41.842 [info] Discover tests for workspace name: this_studio - uri: /teamspace/studios/this_studio/.vscode-server/extensions/ms-python.python-2025.2.0-linux-x64/python_files/.vscode/settings.json
2025-03-09 15:27:46.728 [info] CreateEnv Trigger - Skipping for /teamspace/studios/this_studio/scripts/personality_ui.py
2025-03-09 15:27:46.834 [info] Send text to terminal: /home/zeus/miniconda3/envs/cloudspace/bin/python /teamspace/studios/this_studio/scripts/personality_ui.py
2025-03-09 15:47:23.496 [info] Discover tests for workspace name: this_studio - uri: /teamspace/studios/this_studio/scripts/dct.py
2025-03-09 16:18:57.681 [info] Discover tests for workspace name: this_studio - uri: /teamspace/studios/this_studio/scripts/database_management/create_db.py
2025-03-09 16:19:02.741 [info] Discover tests for workspace name: this_studio - uri: /teamspace/studios/this_studio/scripts/database_management/create_db.py
2025-03-09 16:19:55.348 [info] Discover tests for workspace name: this_studio - uri: /teamspace/studios/this_studio/scripts/database_management/create_db.py
2025-03-09 16:20:04.126 [info] Send text to terminal: /home/zeus/miniconda3/envs/cloudspace/bin/python /teamspace/studios/this_studio/scripts/database_management/create_db.py
2025-03-09 16:20:14.216 [info] Send text to terminal: /home/zeus/miniconda3/envs/cloudspace/bin/python /teamspace/studios/this_studio/scripts/database_management/create_db.py
2025-03-09 16:25:36.632 [info] Discover tests for workspace name: this_studio - uri: /teamspace/studios/this_studio/scripts/database_management/create_schema.py
2025-03-09 16:25:52.550 [info] Discover tests for workspace name: this_studio - uri: /teamspace/studios/this_studio/scripts/database_management/create_schema.py
2025-03-09 16:32:19.347 [info] Discover tests for workspace name: this_studio - uri: /teamspace/studios/this_studio/scripts/database_management/create_schema.py
2025-03-09 16:32:19.993 [info] Send text to terminal: /home/zeus/miniconda3/envs/cloudspace/bin/python /teamspace/studios/this_studio/scripts/database_management/create_schema.py
2025-03-09 16:37:24.016 [info] Send text to terminal: /home/zeus/miniconda3/envs/cloudspace/bin/python /teamspace/studios/this_studio/scripts/database_management/create_db.py
2025-03-09 16:41:09.782 [info] Discover tests for workspace name: this_studio - uri: /teamspace/studios/this_studio/scripts/database_management/db_helpers.py
2025-03-09 16:43:02.240 [info] Send text to terminal: /home/zeus/miniconda3/envs/cloudspace/bin/python /teamspace/studios/this_studio/scripts/database_management/create_schema.py
2025-03-09 16:53:48.168 [info] Discover tests for workspace name: this_studio - uri: /teamspace/studios/this_studio/scripts/database_management/trait_structure_management/create_trait_csv.py
2025-03-09 16:54:51.399 [info] Discover tests for workspace name: this_studio - uri: /teamspace/studios/this_studio/scripts/database_management/trait_structure_management/create_trait_csv.py
2025-03-09 16:54:52.312 [info] Send text to terminal: /home/zeus/miniconda3/envs/cloudspace/bin/python /teamspace/studios/this_studio/scripts/database_management/trait_structure_management/create_trait_csv.py
2025-03-09 16:58:10.015 [info] Discover tests for workspace name: this_studio - uri: /teamspace/studios/this_studio/scripts/database_management/trait_structure_management/create_trait_csv.py
2025-03-09 16:58:35.601 [info] Discover tests for workspace name: this_studio - uri: /teamspace/studios/this_studio/scripts/database_management/trait_structure_management/create_trait_csv.py
2025-03-09 16:58:39.545 [info] Discover tests for workspace name: this_studio - uri: /teamspace/studios/this_studio/scripts/database_management/trait_structure_management/create_trait_csv.py
2025-03-09 16:59:57.888 [info] Send text to terminal: /home/zeus/miniconda3/envs/cloudspace/bin/python /teamspace/studios/this_studio/scripts/database_management/trait_structure_management/create_trait_csv.py
2025-03-09 17:02:35.355 [info] Discover tests for workspace name: this_studio - uri: /teamspace/studios/this_studio/scripts/database_management/trait_structure_management/create_trait_csv.py
2025-03-09 17:02:47.842 [info] Discover tests for workspace name: this_studio - uri: /teamspace/studios/this_studio/scripts/database_management/trait_structure_management/create_trait_csv.py
2025-03-09 17:07:50.402 [info] Discover tests for workspace name: this_studio - uri: /teamspace/studios/this_studio/data/psychometric_tests/political/format_secs_csv.py
2025-03-09 17:19:59.005 [info] Discover tests for workspace name: this_studio - uri: /teamspace/studios/this_studio/scripts/database_management/trait_structure_management/create_trait_csv.py
2025-03-09 17:20:45.062 [info] Discover tests for workspace name: this_studio - uri: /teamspace/studios/this_studio/scripts/database_management/trait_structure_management/create_trait_csv.py
2025-03-09 17:20:48.078 [info] Discover tests for workspace name: this_studio - uri: /teamspace/studios/this_studio/scripts/database_management/trait_structure_management/create_trait_csv.py
2025-03-09 17:21:00.113 [info] Discover tests for workspace name: this_studio - uri: /teamspace/studios/this_studio/scripts/database_management/trait_structure_management/create_trait_csv.py
2025-03-09 17:21:11.824 [info] Discover tests for workspace name: this_studio - uri: /teamspace/studios/this_studio/scripts/database_management/trait_structure_management/create_trait_csv.py
2025-03-09 17:21:16.760 [info] Discover tests for workspace name: this_studio - uri: /teamspace/studios/this_studio/scripts/database_management/trait_structure_management/create_trait_csv.py
2025-03-09 17:21:21.584 [info] Send text to terminal: /home/zeus/miniconda3/envs/cloudspace/bin/python /teamspace/studios/this_studio/scripts/database_management/trait_structure_management/create_trait_csv.py
2025-03-09 17:21:53.045 [info] Discover tests for workspace name: this_studio - uri: /teamspace/studios/this_studio/scripts/database_management/trait_structure_management/create_trait_csv.py
2025-03-09 17:24:42.803 [info] Send text to terminal: /home/zeus/miniconda3/envs/cloudspace/bin/python /teamspace/studios/this_studio/scripts/database_management/trait_structure_management/create_trait_csv.py
2025-03-09 17:26:41.265 [info] Discover tests for workspace name: this_studio - uri: /teamspace/studios/this_studio/scripts/database_management/trait_structure_management/create_trait_csv.py
2025-03-09 17:30:01.473 [info] Discover tests for workspace name: this_studio - uri: /teamspace/studios/this_studio/scripts/database_management/trait_structure_management/create_trait_csv.py
2025-03-09 17:30:02.584 [info] Send text to terminal: /home/zeus/miniconda3/envs/cloudspace/bin/python /teamspace/studios/this_studio/scripts/database_management/trait_structure_management/create_trait_csv.py
2025-03-09 17:30:25.792 [info] Discover tests for workspace name: this_studio - uri: /teamspace/studios/this_studio/scripts/database_management/trait_structure_management/create_trait_csv.py
2025-03-09 17:30:26.126 [info] Send text to terminal: /home/zeus/miniconda3/envs/cloudspace/bin/python /teamspace/studios/this_studio/scripts/database_management/trait_structure_management/create_trait_csv.py
2025-03-09 17:30:26.375 [info] Discover tests for workspace name: this_studio - uri: /teamspace/studios/this_studio/scripts/database_management/trait_structure_management/create_trait_csv.py
2025-03-09 17:31:39.782 [info] Discover tests for workspace name: this_studio - uri: /teamspace/studios/this_studio/scripts/database_management/populate_traits.py
2025-03-09 17:32:02.197 [info] Send text to terminal: /home/zeus/miniconda3/envs/cloudspace/bin/python /teamspace/studios/this_studio/scripts/database_management/create_schema.py
2025-03-09 17:32:06.762 [info] Send text to terminal: /home/zeus/miniconda3/envs/cloudspace/bin/python /teamspace/studios/this_studio/scripts/database_management/populate_traits.py
2025-03-09 17:32:20.955 [info] Discover tests for workspace name: this_studio - uri: /teamspace/studios/this_studio/scripts/database_management/populate_traits.py
2025-03-09 17:32:23.197 [info] Send text to terminal: /home/zeus/miniconda3/envs/cloudspace/bin/python /teamspace/studios/this_studio/scripts/database_management/populate_traits.py
2025-03-09 17:39:47.884 [info] Discover tests for workspace name: this_studio - uri: /teamspace/studios/this_studio/scripts/database_management/trait_structure_management/verify_traits.py
2025-03-09 17:39:50.361 [info] Send text to terminal: /home/zeus/miniconda3/envs/cloudspace/bin/python /teamspace/studios/this_studio/scripts/database_management/trait_structure_management/verify_traits.py
2025-03-09 17:40:00.191 [info] Send text to terminal: /home/zeus/miniconda3/envs/cloudspace/bin/python /teamspace/studios/this_studio/scripts/database_management/trait_structure_management/verify_traits.py
2025-03-09 17:40:08.524 [info] Send text to terminal: /home/zeus/miniconda3/envs/cloudspace/bin/python /teamspace/studios/this_studio/scripts/database_management/trait_structure_management/verify_traits.py
2025-03-09 17:40:29.405 [info] Send text to terminal: /home/zeus/miniconda3/envs/cloudspace/bin/python /teamspace/studios/this_studio/scripts/database_management/verify_traits.py
