2025-02-15 17:19:43.099 [info] Extension host with pid 1731 started
2025-02-15 17:19:43.112 [info] Lock '/teamspace/studios/this_studio/.vscode-server/data/User/workspaceStorage/6d3ef3009fa32cd8673c0fc85d36b6c1/vscode.lock': Lock acquired.
2025-02-15 17:19:45.688 [info] Eager extensions activated
2025-02-15 17:19:45.860 [info] ExtensionService#_doActivateExtension vscode.debug-auto-launch, startup: false, activationEvent: 'onStartupFinished'
2025-02-15 17:19:45.861 [info] ExtensionService#_doActivateExtension vscode.git-base, startup: false, activationEvent: '*', root cause: vscode.git
2025-02-15 17:19:45.861 [info] ExtensionService#_doActivateExtension vscode.merge-conflict, startup: false, activationEvent: 'onStartupFinished'
2025-02-15 17:19:46.146 [info] ExtensionService#_doActivateExtension vscode.git, startup: false, activationEvent: '*'
2025-02-15 17:19:46.146 [info] ExtensionService#_doActivateExtension vscode.github, startup: false, activationEvent: '*'
2025-02-15 17:19:49.357 [info] ExtensionService#_doActivateExtension vscode.emmet, startup: false, activationEvent: 'onLanguage'
2025-02-15 17:20:02.982 [info] ExtensionService#_doActivateExtension ms-python.python, startup: false, activationEvent: 'onLanguage:python', root cause: ms-python.debugpy
2025-02-15 17:20:03.616 [info] ExtensionService#_doActivateExtension ms-python.debugpy, startup: false, activationEvent: 'onLanguage:python'
2025-02-15 17:20:03.616 [info] ExtensionService#_doActivateExtension ms-python.vscode-pylance, startup: false, activationEvent: 'onLanguage:python'
2025-02-15 17:20:04.476 [error] TypeError: Cannot read properties of undefined (reading 'toString')
	at /teamspace/studios/this_studio/.vscode-server/extensions/ms-python.debugpy-2025.0.1-linux-x64/dist/extension.js:2:849381
	at FSReqCallback.readFileAfterClose [as oncomplete] (node:internal/fs/read/context:52:12)
2025-02-15 17:27:24.775 [info] ExtensionService#_doActivateExtension vscode.configuration-editing, startup: false, activationEvent: 'onLanguage:json'
2025-02-15 17:27:24.776 [info] ExtensionService#_doActivateExtension vscode.extension-editing, startup: false, activationEvent: 'onLanguage:json'
2025-02-15 17:27:24.776 [info] ExtensionService#_doActivateExtension vscode.json-language-features, startup: false, activationEvent: 'onLanguage:json'
2025-02-15 17:27:24.776 [info] ExtensionService#_doActivateExtension vscode.npm, startup: false, activationEvent: 'onLanguage:json'
2025-02-15 17:29:46.681 [info] Extension host terminating: received terminate message from renderer
2025-02-15 17:29:46.682 [info] Lock '/teamspace/studios/this_studio/.vscode-server/data/User/workspaceStorage/6d3ef3009fa32cd8673c0fc85d36b6c1/vscode.lock': Marking the lockfile as scheduled to be released in 6000 ms.
2025-02-15 17:29:46.715 [info] Extension host with pid 1731 exiting with code 0
