2025-03-08 22:26:45.451 [info] Experiment 'pythonRecommendTensorboardExt' is active
2025-03-08 22:26:45.451 [info] Experiment 'pythonTerminalEnvVarActivation' is active
2025-03-08 22:26:45.451 [info] Experiment 'pythonTestAdapter' is active
2025-03-08 22:26:45.451 [warning] Dir "/teamspace/studios/this_studio/.pixi/envs" is not watchable (directory does not exist)
2025-03-08 22:26:45.451 [info] Starting Environment refresh
2025-03-08 22:26:45.451 [info] > hatch env show --json
2025-03-08 22:26:45.451 [info] cwd: .
2025-03-08 22:26:45.451 [info] Python interpreter path: /home/zeus/miniconda3/envs/cloudspace/bin/python
2025-03-08 22:26:45.451 [info] > conda info --json
2025-03-08 22:26:46.094 [info] > /home/zeus/miniconda3/envs/cloudspace/bin/python -I ./.vscode-server/extensions/ms-python.python-2025.2.0-linux-x64/python_files/get_output_via_markers.py ./.vscode-server/extensions/ms-python.python-2025.2.0-linux-x64/python_files/interpreterInfo.py
2025-03-08 22:26:46.094 [info] Environments refresh paths discovered: 1325 milliseconds
2025-03-08 22:26:46.124 [info] Environments refresh finished (event): 1355 milliseconds
2025-03-08 22:26:46.128 [info] Environment refresh took 1360 milliseconds
2025-03-08 22:26:46.131 [info] > pyenv which python
2025-03-08 22:26:46.131 [info] cwd: .
2025-03-08 22:26:47.288 [warning] Shell integration may not be active, environment activated may be overridden by the shell.
2025-03-08 22:26:57.244 [info] Starting Pylance language server.
2025-03-08 22:26:59.950 [info] Send text to terminal: /home/zeus/miniconda3/envs/cloudspace/bin/python /teamspace/studios/this_studio/scripts/personality_ui.py
2025-03-08 22:27:01.286 [info] CreateEnv Trigger - Skipping for /teamspace/studios/this_studio/scripts/personality_ui.py
2025-03-08 22:29:06.000 [info] Send text to terminal: /home/zeus/miniconda3/envs/cloudspace/bin/python /teamspace/studios/this_studio/scripts/personality_ui.py
2025-03-08 22:32:42.177 [info] Send text to terminal: /home/zeus/miniconda3/envs/cloudspace/bin/python /teamspace/studios/this_studio/scripts/personality_ui.py
2025-03-08 22:33:04.573 [info] Send text to terminal: /home/zeus/miniconda3/envs/cloudspace/bin/python /teamspace/studios/this_studio/scripts/personality_ui.py
2025-03-08 22:35:19.068 [info] Discover tests for workspace name: this_studio - uri: /teamspace/studios/this_studio/scripts/personality_ui.py
2025-03-08 22:35:21.463 [info] Send text to terminal: /home/zeus/miniconda3/envs/cloudspace/bin/python /teamspace/studios/this_studio/scripts/personality_ui.py
2025-03-08 22:35:36.512 [info] Send text to terminal: /home/zeus/miniconda3/envs/cloudspace/bin/python /teamspace/studios/this_studio/scripts/personality_ui.py
2025-03-08 22:35:47.921 [info] Discover tests for workspace name: this_studio - uri: /teamspace/studios/this_studio/scripts/personality_ui.py
