2025-02-15 17:20:05.523 [info] (Client) Pylance async client (2025.2.1) started with python extension (2025.0.0)
2025-02-15 17:20:05.980 [info] [Info  - 5:20:05 PM] (2129) Server root directory: file:///teamspace/studios/this_studio/.vscode-server/extensions/ms-python.vscode-pylance-2025.2.1/dist
2025-02-15 17:20:05.981 [info] [Info  - 5:20:05 PM] (2129) Pylance language server 2025.2.1 (pyright version 1.1.393, commit 3763156f) starting
2025-02-15 17:20:05.981 [info] [Info  - 5:20:05 PM] (2129) Starting service instance "this_studio"
2025-02-15 17:20:06.027 [info] [Info  - 5:20:06 PM] (2129) Setting environmentName for service "this_studio": "3.10.10 (cloudspace conda)"
2025-02-15 17:20:06.027 [info] [Info  - 5:20:06 PM] (2129) Setting pythonPath for service "this_studio": "/home/zeus/miniconda3/envs/cloudspace/bin/python"
2025-02-15 17:20:06.028 [info] [Info  - 5:20:06 PM] (2129) No include entries specified; assuming /teamspace/studios/this_studio
2025-02-15 17:20:06.028 [info] [Info  - 5:20:06 PM] (2129) Auto-excluding **/node_modules
2025-02-15 17:20:06.029 [info] [Info  - 5:20:06 PM] (2129) Auto-excluding **/__pycache__
2025-02-15 17:20:06.029 [info] [Info  - 5:20:06 PM] (2129) Auto-excluding **/.*
2025-02-15 17:20:06.048 [info] [Info  - 5:20:06 PM] (2129) Assuming Python version 3.10.10.final.0
2025-02-15 17:20:06.143 [info] [Info  - 5:20:06 PM] (2129) Found 1 source file
2025-02-15 17:20:06.452 [info] [Info  - 5:20:06 PM] (2129) Background analysis(1) root directory: file:///teamspace/studios/this_studio/.vscode-server/extensions/ms-python.vscode-pylance-2025.2.1/dist
2025-02-15 17:20:06.455 [info] [Info  - 5:20:06 PM] (2129) Background analysis(1) started
2025-02-15 17:20:06.616 [info] [Info  - 5:20:06 PM] (2129) Indexer background runner(2) root directory: file:///teamspace/studios/this_studio/.vscode-server/extensions/ms-python.vscode-pylance-2025.2.1/dist (index)
2025-02-15 17:20:06.617 [info] [Info  - 5:20:06 PM] (2129) Indexing(2) started
2025-02-15 17:20:07.466 [info] [Info  - 5:20:07 PM] (2129) scanned(2) 359 files over 1 exec env
2025-02-15 17:20:12.034 [info] [Info  - 5:20:12 PM] (2129) [IDX(2)] Long operation: index execution environment file:///teamspace/studios/this_studio (4318ms)
2025-02-15 17:20:12.063 [info] [Info  - 5:20:12 PM] (2129) [IDX(2)] Long operation: index packages file:///teamspace/studios/this_studio (4358ms)
2025-02-15 17:20:12.064 [info] [Info  - 5:20:12 PM] (2129) indexed(2) 359 files over 1 exec env
2025-02-15 17:20:12.222 [info] [Info  - 5:20:12 PM] (2129) Indexing finished(2).
