2025-03-08 22:07:45.458 [info] Extension host with pid 7028 started
2025-03-08 22:07:45.459 [error] Error: EEXIST: file already exists, open '/teamspace/studios/this_studio/.vscode-server/data/User/workspaceStorage/6d3ef3009fa32cd8673c0fc85d36b6c1/vscode.lock'
2025-03-08 22:07:45.470 [info] Lock '/teamspace/studios/this_studio/.vscode-server/data/User/workspaceStorage/6d3ef3009fa32cd8673c0fc85d36b6c1/vscode.lock': Could not acquire lock, checking if the file is stale.
2025-03-08 22:07:45.477 [info] Lock '/teamspace/studios/this_studio/.vscode-server/data/User/workspaceStorage/6d3ef3009fa32cd8673c0fc85d36b6c1/vscode.lock': The pid 2466 appears to be gone.
2025-03-08 22:07:45.477 [info] Lock '/teamspace/studios/this_studio/.vscode-server/data/User/workspaceStorage/6d3ef3009fa32cd8673c0fc85d36b6c1/vscode.lock': Deleting a stale lock.
2025-03-08 22:07:45.518 [info] Lock '/teamspace/studios/this_studio/.vscode-server/data/User/workspaceStorage/6d3ef3009fa32cd8673c0fc85d36b6c1/vscode.lock': Lock acquired.
2025-03-08 22:07:45.647 [info] ExtensionService#_doActivateExtension vscode.ipynb, startup: false, activationEvent: 'onNotebookSerializer:jupyter-notebook'
2025-03-08 22:07:45.648 [info] ExtensionService#_doActivateExtension vscode.git-base, startup: false, activationEvent: '*', root cause: vscode.git
2025-03-08 22:07:46.003 [info] ExtensionService#_doActivateExtension vscode.git, startup: false, activationEvent: '*'
2025-03-08 22:07:46.003 [info] ExtensionService#_doActivateExtension vscode.github, startup: false, activationEvent: '*'
2025-03-08 22:07:46.415 [info] Eager extensions activated
2025-03-08 22:07:46.416 [info] ExtensionService#_doActivateExtension vscode.debug-auto-launch, startup: false, activationEvent: 'onStartupFinished'
2025-03-08 22:07:46.416 [info] ExtensionService#_doActivateExtension vscode.merge-conflict, startup: false, activationEvent: 'onStartupFinished'
2025-03-08 22:07:46.659 [info] ExtensionService#_doActivateExtension vscode.emmet, startup: false, activationEvent: 'onLanguage'
2025-03-08 22:09:40.422 [warning] [Decorations] CAPPING events from decorations provider vscode.git 10001
2025-03-08 22:09:45.280 [warning] [Decorations] CAPPING events from decorations provider vscode.git 10002
2025-03-08 22:17:17.863 [info] ExtensionService#_doActivateExtension ms-python.python, startup: false, activationEvent: 'onLanguage:python', root cause: ms-python.debugpy
2025-03-08 22:17:17.864 [info] ExtensionService#_doActivateExtension ms-toolsai.jupyter, startup: false, activationEvent: 'onLanguage:python'
2025-03-08 22:17:19.000 [info] ExtensionService#_doActivateExtension ms-toolsai.jupyter-renderers, startup: false, activationEvent: 'api', root cause: ms-toolsai.jupyter
2025-03-08 22:17:19.376 [info] ExtensionService#_doActivateExtension ms-python.debugpy, startup: false, activationEvent: 'onLanguage:python'
2025-03-08 22:17:19.377 [info] ExtensionService#_doActivateExtension ms-python.vscode-pylance, startup: false, activationEvent: 'onLanguage:python'
2025-03-08 22:17:20.441 [error] TypeError: Cannot read properties of undefined (reading 'toString')
	at /teamspace/studios/this_studio/.vscode-server/extensions/ms-python.debugpy-2025.0.1-linux-x64/dist/extension.js:2:849381
	at FSReqCallback.readFileAfterClose [as oncomplete] (node:internal/fs/read/context:52:12)
