2025-03-08 22:40:12.912 [info] [main] Log level: Info
2025-03-08 22:40:12.912 [info] [main] Validating found git in: "git"
2025-03-08 22:40:12.912 [info] [main] Using git "2.42.0" from "git"
2025-03-08 22:40:12.912 [info] [Model][doInitialScan] Initial repository scan started
2025-03-08 22:40:12.912 [info] > git rev-parse --show-toplevel [29ms]
2025-03-08 22:40:12.915 [info] > git rev-parse --git-dir --git-common-dir [4ms]
2025-03-08 22:40:12.924 [info] [Model][openRepository] Opened repository: /teamspace/studios/this_studio
2025-03-08 22:40:12.936 [info] > git config --get commit.template [4ms]
2025-03-08 22:40:12.941 [info] > git rev-parse --show-toplevel [8ms]
2025-03-08 22:40:12.952 [info] > git rev-parse --show-toplevel [3ms]
2025-03-08 22:40:12.958 [info] > git rev-parse --show-toplevel [3ms]
2025-03-08 22:40:12.963 [info] > git rev-parse --show-toplevel [3ms]
2025-03-08 22:40:12.969 [info] > git rev-parse --show-toplevel [3ms]
2025-03-08 22:40:12.975 [info] > git rev-parse --show-toplevel [3ms]
2025-03-08 22:40:13.003 [info] > git rev-parse --show-toplevel [24ms]
2025-03-08 22:40:13.012 [info] > git for-each-ref --format=%(refname)%00%(upstream:short)%00%(objectname)%00%(upstream:track)%00%(upstream:remotename)%00%(upstream:remoteref) refs/heads/dev refs/remotes/dev [73ms]
2025-03-08 22:40:13.020 [info] > git rev-parse --show-toplevel [10ms]
2025-03-08 22:40:13.032 [info] > git rev-parse --show-toplevel [4ms]
2025-03-08 22:40:13.039 [info] > git rev-parse --show-toplevel [2ms]
2025-03-08 22:40:13.046 [info] > git rev-parse --show-toplevel [4ms]
2025-03-08 22:40:13.052 [info] > git rev-parse --show-toplevel [3ms]
2025-03-08 22:40:13.058 [info] > git rev-parse --show-toplevel [3ms]
2025-03-08 22:40:13.063 [info] > git rev-parse --show-toplevel [3ms]
2025-03-08 22:40:13.071 [info] > git rev-parse --show-toplevel [3ms]
2025-03-08 22:40:13.075 [info] > git rev-parse --show-toplevel [2ms]
2025-03-08 22:40:13.080 [info] > git rev-parse --show-toplevel [2ms]
2025-03-08 22:40:13.086 [info] > git rev-parse --show-toplevel [3ms]
2025-03-08 22:40:13.089 [info] [Model][doInitialScan] Initial repository scan completed - repositories (1), closed repositories (0), parent repositories (0), unsafe repositories (0)
2025-03-08 22:40:13.258 [info] > git for-each-ref --sort -committerdate --format %(refname) %(objectname) %(*objectname) [238ms]
2025-03-08 22:40:13.526 [info] > git check-ignore -v -z --stdin [18ms]
2025-03-08 22:40:13.534 [info] > git show --textconv :scripts/personality_ui.py [12ms]
2025-03-08 22:40:13.534 [info] > git ls-files --stage -- scripts/personality_ui.py [9ms]
2025-03-08 22:40:13.541 [info] > git hash-object -t tree /dev/null [4ms]
2025-03-08 22:40:13.542 [warning] [GitFileSystemProvider][stat] File not found - git:/teamspace/studios/this_studio/scripts/personality_ui.py.git?%7B%22path%22%3A%22%2Fteamspace%2Fstudios%2Fthis_studio%2Fscripts%2Fpersonality_ui.py%22%2C%22ref%22%3A%22%22%7D
2025-03-08 22:40:13.545 [info] > git hash-object -t tree /dev/null [5ms]
2025-03-08 22:40:13.546 [warning] [GitFileSystemProvider][readFile] File not found - git:/teamspace/studios/this_studio/scripts/personality_ui.py.git?%7B%22path%22%3A%22%2Fteamspace%2Fstudios%2Fthis_studio%2Fscripts%2Fpersonality_ui.py%22%2C%22ref%22%3A%22%22%7D
2025-03-08 22:40:14.086 [info] > git blame --root --incremental 2ddcce5e34028ee98d91493007086f082b9623ae -- scripts/personality_ui.py [105ms]
2025-03-08 22:40:14.086 [info] fatal: no such path scripts/personality_ui.py in 2ddcce5e34028ee98d91493007086f082b9623ae
2025-03-08 22:41:16.211 [info] > git status -z -uall [63195ms] (cancelled)
2025-03-08 22:41:16.212 [info] > git for-each-ref --format=%(refname)%00%(upstream:short)%00%(objectname)%00%(upstream:track)%00%(upstream:remotename)%00%(upstream:remoteref) refs/heads/dev refs/remotes/dev [1195ms]
2025-03-08 22:41:16.229 [info] > git config --get --local branch.dev.vscode-merge-base [14ms]
2025-03-08 22:41:16.234 [info] > git config --get commit.template [67ms]
2025-03-08 22:41:16.238 [info] > git for-each-ref --format=%(refname)%00%(upstream:short)%00%(objectname)%00%(upstream:track)%00%(upstream:remotename)%00%(upstream:remoteref) refs/heads/origin/main refs/remotes/origin/main [5ms]
2025-03-08 22:41:16.445 [info] > git merge-base refs/heads/dev refs/remotes/origin/dev [203ms]
2025-03-08 22:41:16.449 [info] > git for-each-ref --format=%(refname)%00%(upstream:short)%00%(objectname)%00%(upstream:track)%00%(upstream:remotename)%00%(upstream:remoteref) refs/heads/dev refs/remotes/dev [212ms]
2025-03-08 22:41:16.633 [info] > git diff --name-status -z --diff-filter=ADMR 5fde7328b804804c6d807a9be9608c805459e568...refs/remotes/origin/dev [185ms]
2025-03-08 22:41:16.698 [info] > git for-each-ref --sort -committerdate --format %(refname) %(objectname) %(*objectname) [243ms]
2025-03-08 22:41:40.539 [info] > git status -z -uall [24087ms] (cancelled)
2025-03-08 22:59:53.253 [info] > git show --textconv :scripts/main_demo_ipip_mod.py [8ms]
2025-03-08 22:59:53.253 [info] > git ls-files --stage -- scripts/main_demo_ipip_mod.py [5ms]
2025-03-08 22:59:53.259 [info] > git cat-file -s ed6fc3c576b6ec92c2fd96c45d143ee92b5c1fa8 [3ms]
2025-03-08 22:59:53.458 [info] > git blame --root --incremental 2ddcce5e34028ee98d91493007086f082b9623ae -- scripts/main_demo_ipip_mod.py [7ms]
2025-03-08 23:15:11.217 [info] > git ls-files --stage -- scripts/main_demo_ipip_mod.py [5ms]
2025-03-08 23:15:11.223 [info] > git cat-file -s efdbc91227f87099c68a4a25ef8db3da556843d2 [3ms]
2025-03-08 23:15:11.399 [info] > git show --textconv :scripts/main_demo_ipip_mod.py [6ms]
2025-03-08 23:15:53.067 [info] > git ls-files --stage -- scripts/main_demo_ipip_mod.py [5ms]
2025-03-08 23:15:53.073 [info] > git cat-file -s efdbc91227f87099c68a4a25ef8db3da556843d2 [4ms]
2025-03-08 23:15:53.246 [info] > git show --textconv :scripts/main_demo_ipip_mod.py [6ms]
2025-03-08 23:16:00.227 [info] > git ls-files --stage -- scripts/main_demo_ipip_mod.py [8ms]
2025-03-08 23:16:00.237 [info] > git cat-file -s efdbc91227f87099c68a4a25ef8db3da556843d2 [7ms]
2025-03-08 23:16:00.426 [info] > git show --textconv :scripts/main_demo_ipip_mod.py [10ms]
2025-03-08 23:16:50.607 [info] > git show --textconv :scripts/personality_ui.py [7ms]
2025-03-08 23:16:50.609 [info] > git ls-files --stage -- scripts/personality_ui.py [5ms]
2025-03-08 23:16:50.614 [info] > git cat-file -s 3ae642eb6ad2496bee57a3038a69b3a41dcc0508 [3ms]
